Start testing: Feb 25 04:03 UTC
----------------------------------------------------------
1/50 Testing: Pivot.Empty
1/50 Test: Pivot.Empty
Command: "/usr/bin/valgrind" "--tool=memcheck" "--leak-check=yes" "--trace-children=no" "--error-exitcode=113" "/home/codio/workspace/hw3/hw3_tests/llrec_tests/llrec_tests" "--gtest_filter=Pivot.Empty"
Directory: /home/codio/workspace/hw3/hw3_tests/llrec_tests
"Pivot.Empty" start time: Feb 25 04:03 UTC
Output:
----------------------------------------------------------
==1840== Memcheck, a memory error detector
==1840== Copyright (C) 2002-2017, and GNU GPL'd, by Julian Seward et al.
==1840== Using Valgrind-3.13.0 and LibVEX; rerun with -h for copyright info
==1840== Command: /home/codio/workspace/hw3/hw3_tests/llrec_tests/llrec_tests --gtest_filter=Pivot.Empty
==1840== 
Running main() from /home/codio/googletest/googletest/src/gtest_main.cc
Note: Google Test filter = Pivot.Empty
[==========] Running 1 test from 1 test suite.
[----------] Global test environment set-up.
[----------] 1 test from Pivot
[ RUN      ] Pivot.Empty
[       OK ] Pivot.Empty (19 ms)
[----------] 1 test from Pivot (28 ms total)

[----------] Global test environment tear-down
[==========] 1 test from 1 test suite ran. (78 ms total)
[  PASSED  ] 1 test.
==1840== 
==1840== HEAP SUMMARY:
==1840==     in use at exit: 0 bytes in 0 blocks
==1840==   total heap usage: 404 allocs, 404 frees, 133,083 bytes allocated
==1840== 
==1840== All heap blocks were freed -- no leaks are possible
==1840== 
==1840== For counts of detected and suppressed errors, rerun with: -v
==1840== ERROR SUMMARY: 0 errors from 0 contexts (suppressed: 0 from 0)
<end of output>
Test time =   1.56 sec
----------------------------------------------------------
Test Passed.
"Pivot.Empty" end time: Feb 25 04:03 UTC
"Pivot.Empty" time elapsed: 00:00:01
----------------------------------------------------------

2/50 Testing: Pivot.Size1SmallEmpty
2/50 Test: Pivot.Size1SmallEmpty
Command: "/usr/bin/valgrind" "--tool=memcheck" "--leak-check=yes" "--trace-children=no" "--error-exitcode=113" "/home/codio/workspace/hw3/hw3_tests/llrec_tests/llrec_tests" "--gtest_filter=Pivot.Size1SmallEmpty"
Directory: /home/codio/workspace/hw3/hw3_tests/llrec_tests
"Pivot.Size1SmallEmpty" start time: Feb 25 04:03 UTC
Output:
----------------------------------------------------------
==1841== Memcheck, a memory error detector
==1841== Copyright (C) 2002-2017, and GNU GPL'd, by Julian Seward et al.
==1841== Using Valgrind-3.13.0 and LibVEX; rerun with -h for copyright info
==1841== Command: /home/codio/workspace/hw3/hw3_tests/llrec_tests/llrec_tests --gtest_filter=Pivot.Size1SmallEmpty
==1841== 
Running main() from /home/codio/googletest/googletest/src/gtest_main.cc
Note: Google Test filter = Pivot.Size1SmallEmpty
[==========] Running 1 test from 1 test suite.
[----------] Global test environment set-up.
[----------] 1 test from Pivot
[ RUN      ] Pivot.Size1SmallEmpty
[       OK ] Pivot.Size1SmallEmpty (30 ms)
[----------] 1 test from Pivot (38 ms total)

[----------] Global test environment tear-down
[==========] 1 test from 1 test suite ran. (88 ms total)
[  PASSED  ] 1 test.
==1841== 
==1841== HEAP SUMMARY:
==1841==     in use at exit: 0 bytes in 0 blocks
==1841==   total heap usage: 413 allocs, 413 frees, 133,328 bytes allocated
==1841== 
==1841== All heap blocks were freed -- no leaks are possible
==1841== 
==1841== For counts of detected and suppressed errors, rerun with: -v
==1841== ERROR SUMMARY: 0 errors from 0 contexts (suppressed: 0 from 0)
<end of output>
Test time =   1.46 sec
----------------------------------------------------------
Test Passed.
"Pivot.Size1SmallEmpty" end time: Feb 25 04:03 UTC
"Pivot.Size1SmallEmpty" time elapsed: 00:00:01
----------------------------------------------------------

3/50 Testing: Pivot.Size1LargeEmpty
3/50 Test: Pivot.Size1LargeEmpty
Command: "/usr/bin/valgrind" "--tool=memcheck" "--leak-check=yes" "--trace-children=no" "--error-exitcode=113" "/home/codio/workspace/hw3/hw3_tests/llrec_tests/llrec_tests" "--gtest_filter=Pivot.Size1LargeEmpty"
Directory: /home/codio/workspace/hw3/hw3_tests/llrec_tests
"Pivot.Size1LargeEmpty" start time: Feb 25 04:03 UTC
Output:
----------------------------------------------------------
==1842== Memcheck, a memory error detector
==1842== Copyright (C) 2002-2017, and GNU GPL'd, by Julian Seward et al.
==1842== Using Valgrind-3.13.0 and LibVEX; rerun with -h for copyright info
==1842== Command: /home/codio/workspace/hw3/hw3_tests/llrec_tests/llrec_tests --gtest_filter=Pivot.Size1LargeEmpty
==1842== 
Running main() from /home/codio/googletest/googletest/src/gtest_main.cc
Note: Google Test filter = Pivot.Size1LargeEmpty
[==========] Running 1 test from 1 test suite.
[----------] Global test environment set-up.
[----------] 1 test from Pivot
[ RUN      ] Pivot.Size1LargeEmpty
[       OK ] Pivot.Size1LargeEmpty (30 ms)
[----------] 1 test from Pivot (39 ms total)

[----------] Global test environment tear-down
[==========] 1 test from 1 test suite ran. (89 ms total)
[  PASSED  ] 1 test.
==1842== 
==1842== HEAP SUMMARY:
==1842==     in use at exit: 0 bytes in 0 blocks
==1842==   total heap usage: 413 allocs, 413 frees, 133,328 bytes allocated
==1842== 
==1842== All heap blocks were freed -- no leaks are possible
==1842== 
==1842== For counts of detected and suppressed errors, rerun with: -v
==1842== ERROR SUMMARY: 0 errors from 0 contexts (suppressed: 0 from 0)
<end of output>
Test time =   1.41 sec
----------------------------------------------------------
Test Passed.
"Pivot.Size1LargeEmpty" end time: Feb 25 04:03 UTC
"Pivot.Size1LargeEmpty" time elapsed: 00:00:01
----------------------------------------------------------

4/50 Testing: Pivot.Size2SmallLarge
4/50 Test: Pivot.Size2SmallLarge
Command: "/usr/bin/valgrind" "--tool=memcheck" "--leak-check=yes" "--trace-children=no" "--error-exitcode=113" "/home/codio/workspace/hw3/hw3_tests/llrec_tests/llrec_tests" "--gtest_filter=Pivot.Size2SmallLarge"
Directory: /home/codio/workspace/hw3/hw3_tests/llrec_tests
"Pivot.Size2SmallLarge" start time: Feb 25 04:03 UTC
Output:
----------------------------------------------------------
==1843== Memcheck, a memory error detector
==1843== Copyright (C) 2002-2017, and GNU GPL'd, by Julian Seward et al.
==1843== Using Valgrind-3.13.0 and LibVEX; rerun with -h for copyright info
==1843== Command: /home/codio/workspace/hw3/hw3_tests/llrec_tests/llrec_tests --gtest_filter=Pivot.Size2SmallLarge
==1843== 
Running main() from /home/codio/googletest/googletest/src/gtest_main.cc
Note: Google Test filter = Pivot.Size2SmallLarge
[==========] Running 1 test from 1 test suite.
[----------] Global test environment set-up.
[----------] 1 test from Pivot
[ RUN      ] Pivot.Size2SmallLarge
[       OK ] Pivot.Size2SmallLarge (31 ms)
[----------] 1 test from Pivot (40 ms total)

[----------] Global test environment tear-down
[==========] 1 test from 1 test suite ran. (90 ms total)
[  PASSED  ] 1 test.
==1843== 
==1843== HEAP SUMMARY:
==1843==     in use at exit: 0 bytes in 0 blocks
==1843==   total heap usage: 415 allocs, 415 frees, 133,352 bytes allocated
==1843== 
==1843== All heap blocks were freed -- no leaks are possible
==1843== 
==1843== For counts of detected and suppressed errors, rerun with: -v
==1843== ERROR SUMMARY: 0 errors from 0 contexts (suppressed: 0 from 0)
<end of output>
Test time =   1.41 sec
----------------------------------------------------------
Test Passed.
"Pivot.Size2SmallLarge" end time: Feb 25 04:03 UTC
"Pivot.Size2SmallLarge" time elapsed: 00:00:01
----------------------------------------------------------

5/50 Testing: Pivot.Size2LargeSmall
5/50 Test: Pivot.Size2LargeSmall
Command: "/usr/bin/valgrind" "--tool=memcheck" "--leak-check=yes" "--trace-children=no" "--error-exitcode=113" "/home/codio/workspace/hw3/hw3_tests/llrec_tests/llrec_tests" "--gtest_filter=Pivot.Size2LargeSmall"
Directory: /home/codio/workspace/hw3/hw3_tests/llrec_tests
"Pivot.Size2LargeSmall" start time: Feb 25 04:03 UTC
Output:
----------------------------------------------------------
==1844== Memcheck, a memory error detector
==1844== Copyright (C) 2002-2017, and GNU GPL'd, by Julian Seward et al.
==1844== Using Valgrind-3.13.0 and LibVEX; rerun with -h for copyright info
==1844== Command: /home/codio/workspace/hw3/hw3_tests/llrec_tests/llrec_tests --gtest_filter=Pivot.Size2LargeSmall
==1844== 
Running main() from /home/codio/googletest/googletest/src/gtest_main.cc
Note: Google Test filter = Pivot.Size2LargeSmall
[==========] Running 1 test from 1 test suite.
[----------] Global test environment set-up.
[----------] 1 test from Pivot
[ RUN      ] Pivot.Size2LargeSmall
[       OK ] Pivot.Size2LargeSmall (31 ms)
[----------] 1 test from Pivot (40 ms total)

[----------] Global test environment tear-down
[==========] 1 test from 1 test suite ran. (91 ms total)
[  PASSED  ] 1 test.
==1844== 
==1844== HEAP SUMMARY:
==1844==     in use at exit: 0 bytes in 0 blocks
==1844==   total heap usage: 415 allocs, 415 frees, 133,352 bytes allocated
==1844== 
==1844== All heap blocks were freed -- no leaks are possible
==1844== 
==1844== For counts of detected and suppressed errors, rerun with: -v
==1844== ERROR SUMMARY: 0 errors from 0 contexts (suppressed: 0 from 0)
<end of output>
Test time =   1.52 sec
----------------------------------------------------------
Test Passed.
"Pivot.Size2LargeSmall" end time: Feb 25 04:03 UTC
"Pivot.Size2LargeSmall" time elapsed: 00:00:01
----------------------------------------------------------

6/50 Testing: Pivot.Size3LargeSmallLarge
6/50 Test: Pivot.Size3LargeSmallLarge
Command: "/usr/bin/valgrind" "--tool=memcheck" "--leak-check=yes" "--trace-children=no" "--error-exitcode=113" "/home/codio/workspace/hw3/hw3_tests/llrec_tests/llrec_tests" "--gtest_filter=Pivot.Size3LargeSmallLarge"
Directory: /home/codio/workspace/hw3/hw3_tests/llrec_tests
"Pivot.Size3LargeSmallLarge" start time: Feb 25 04:03 UTC
Output:
----------------------------------------------------------
==1845== Memcheck, a memory error detector
==1845== Copyright (C) 2002-2017, and GNU GPL'd, by Julian Seward et al.
==1845== Using Valgrind-3.13.0 and LibVEX; rerun with -h for copyright info
==1845== Command: /home/codio/workspace/hw3/hw3_tests/llrec_tests/llrec_tests --gtest_filter=Pivot.Size3LargeSmallLarge
==1845== 
Running main() from /home/codio/googletest/googletest/src/gtest_main.cc
Note: Google Test filter = Pivot.Size3LargeSmallLarge
[==========] Running 1 test from 1 test suite.
[----------] Global test environment set-up.
[----------] 1 test from Pivot
[ RUN      ] Pivot.Size3LargeSmallLarge
/home/codio/workspace/hw3/hw3_tests/llrec_tests/llrec_tests.cpp:136: Failure
Value of: checkContent(large, {4,6})
  Actual: false (Data mismatch: expected 4 / actual 6)
Expected: true
[  FAILED  ] Pivot.Size3LargeSmallLarge (79 ms)
[----------] 1 test from Pivot (91 ms total)

[----------] Global test environment tear-down
[==========] 1 test from 1 test suite ran. (140 ms total)
[  PASSED  ] 0 tests.
[  FAILED  ] 1 test, listed below:
[  FAILED  ] Pivot.Size3LargeSmallLarge

 1 FAILED TEST
==1845== 
==1845== HEAP SUMMARY:
==1845==     in use at exit: 0 bytes in 0 blocks
==1845==   total heap usage: 459 allocs, 459 frees, 142,134 bytes allocated
==1845== 
==1845== All heap blocks were freed -- no leaks are possible
==1845== 
==1845== For counts of detected and suppressed errors, rerun with: -v
==1845== ERROR SUMMARY: 0 errors from 0 contexts (suppressed: 0 from 0)
<end of output>
Test time =   1.48 sec
----------------------------------------------------------
Test Failed.
"Pivot.Size3LargeSmallLarge" end time: Feb 25 04:03 UTC
"Pivot.Size3LargeSmallLarge" time elapsed: 00:00:01
----------------------------------------------------------

7/50 Testing: Pivot.Size3SmallLargeSmall
7/50 Test: Pivot.Size3SmallLargeSmall
Command: "/usr/bin/valgrind" "--tool=memcheck" "--leak-check=yes" "--trace-children=no" "--error-exitcode=113" "/home/codio/workspace/hw3/hw3_tests/llrec_tests/llrec_tests" "--gtest_filter=Pivot.Size3SmallLargeSmall"
Directory: /home/codio/workspace/hw3/hw3_tests/llrec_tests
"Pivot.Size3SmallLargeSmall" start time: Feb 25 04:03 UTC
Output:
----------------------------------------------------------
==1846== Memcheck, a memory error detector
==1846== Copyright (C) 2002-2017, and GNU GPL'd, by Julian Seward et al.
==1846== Using Valgrind-3.13.0 and LibVEX; rerun with -h for copyright info
==1846== Command: /home/codio/workspace/hw3/hw3_tests/llrec_tests/llrec_tests --gtest_filter=Pivot.Size3SmallLargeSmall
==1846== 
Running main() from /home/codio/googletest/googletest/src/gtest_main.cc
Note: Google Test filter = Pivot.Size3SmallLargeSmall
[==========] Running 1 test from 1 test suite.
[----------] Global test environment set-up.
[----------] 1 test from Pivot
[ RUN      ] Pivot.Size3SmallLargeSmall
/home/codio/workspace/hw3/hw3_tests/llrec_tests/llrec_tests.cpp:150: Failure
Value of: checkContent(small, {4,6})
  Actual: false (Data mismatch: expected 4 / actual 6)
Expected: true
[  FAILED  ] Pivot.Size3SmallLargeSmall (79 ms)
[----------] 1 test from Pivot (91 ms total)

[----------] Global test environment tear-down
[==========] 1 test from 1 test suite ran. (140 ms total)
[  PASSED  ] 0 tests.
[  FAILED  ] 1 test, listed below:
[  FAILED  ] Pivot.Size3SmallLargeSmall

 1 FAILED TEST
==1846== 
==1846== HEAP SUMMARY:
==1846==     in use at exit: 0 bytes in 0 blocks
==1846==   total heap usage: 459 allocs, 459 frees, 142,134 bytes allocated
==1846== 
==1846== All heap blocks were freed -- no leaks are possible
==1846== 
==1846== For counts of detected and suppressed errors, rerun with: -v
==1846== ERROR SUMMARY: 0 errors from 0 contexts (suppressed: 0 from 0)
<end of output>
Test time =   1.48 sec
----------------------------------------------------------
Test Failed.
"Pivot.Size3SmallLargeSmall" end time: Feb 25 04:03 UTC
"Pivot.Size3SmallLargeSmall" time elapsed: 00:00:01
----------------------------------------------------------

8/50 Testing: Pivot.Size3LargeLargeSmall
8/50 Test: Pivot.Size3LargeLargeSmall
Command: "/usr/bin/valgrind" "--tool=memcheck" "--leak-check=yes" "--trace-children=no" "--error-exitcode=113" "/home/codio/workspace/hw3/hw3_tests/llrec_tests/llrec_tests" "--gtest_filter=Pivot.Size3LargeLargeSmall"
Directory: /home/codio/workspace/hw3/hw3_tests/llrec_tests
"Pivot.Size3LargeLargeSmall" start time: Feb 25 04:03 UTC
Output:
----------------------------------------------------------
==1847== Memcheck, a memory error detector
==1847== Copyright (C) 2002-2017, and GNU GPL'd, by Julian Seward et al.
==1847== Using Valgrind-3.13.0 and LibVEX; rerun with -h for copyright info
==1847== Command: /home/codio/workspace/hw3/hw3_tests/llrec_tests/llrec_tests --gtest_filter=Pivot.Size3LargeLargeSmall
==1847== 
Running main() from /home/codio/googletest/googletest/src/gtest_main.cc
Note: Google Test filter = Pivot.Size3LargeLargeSmall
[==========] Running 1 test from 1 test suite.
[----------] Global test environment set-up.
[----------] 1 test from Pivot
[ RUN      ] Pivot.Size3LargeLargeSmall
/home/codio/workspace/hw3/hw3_tests/llrec_tests/llrec_tests.cpp:166: Failure
Value of: checkContent(large, {4,6})
  Actual: false (Data mismatch: expected 4 / actual 6)
Expected: true
[  FAILED  ] Pivot.Size3LargeLargeSmall (79 ms)
[----------] 1 test from Pivot (91 ms total)

[----------] Global test environment tear-down
[==========] 1 test from 1 test suite ran. (140 ms total)
[  PASSED  ] 0 tests.
[  FAILED  ] 1 test, listed below:
[  FAILED  ] Pivot.Size3LargeLargeSmall

 1 FAILED TEST
==1847== 
==1847== HEAP SUMMARY:
==1847==     in use at exit: 0 bytes in 0 blocks
==1847==   total heap usage: 459 allocs, 459 frees, 142,134 bytes allocated
==1847== 
==1847== All heap blocks were freed -- no leaks are possible
==1847== 
==1847== For counts of detected and suppressed errors, rerun with: -v
==1847== ERROR SUMMARY: 0 errors from 0 contexts (suppressed: 0 from 0)
<end of output>
Test time =   1.47 sec
----------------------------------------------------------
Test Failed.
"Pivot.Size3LargeLargeSmall" end time: Feb 25 04:03 UTC
"Pivot.Size3LargeLargeSmall" time elapsed: 00:00:01
----------------------------------------------------------

9/50 Testing: Pivot.Size6SmallThenLarge
9/50 Test: Pivot.Size6SmallThenLarge
Command: "/usr/bin/valgrind" "--tool=memcheck" "--leak-check=yes" "--trace-children=no" "--error-exitcode=113" "/home/codio/workspace/hw3/hw3_tests/llrec_tests/llrec_tests" "--gtest_filter=Pivot.Size6SmallThenLarge"
Directory: /home/codio/workspace/hw3/hw3_tests/llrec_tests
"Pivot.Size6SmallThenLarge" start time: Feb 25 04:03 UTC
Output:
----------------------------------------------------------
==1848== Memcheck, a memory error detector
==1848== Copyright (C) 2002-2017, and GNU GPL'd, by Julian Seward et al.
==1848== Using Valgrind-3.13.0 and LibVEX; rerun with -h for copyright info
==1848== Command: /home/codio/workspace/hw3/hw3_tests/llrec_tests/llrec_tests --gtest_filter=Pivot.Size6SmallThenLarge
==1848== 
Running main() from /home/codio/googletest/googletest/src/gtest_main.cc
Note: Google Test filter = Pivot.Size6SmallThenLarge
[==========] Running 1 test from 1 test suite.
[----------] Global test environment set-up.
[----------] 1 test from Pivot
[ RUN      ] Pivot.Size6SmallThenLarge
/home/codio/workspace/hw3/hw3_tests/llrec_tests/llrec_tests.cpp:181: Failure
Value of: checkContent(small, {2,3,4})
  Actual: false (Data mismatch: expected 2 / actual 4)
Expected: true
/home/codio/workspace/hw3/hw3_tests/llrec_tests/llrec_tests.cpp:182: Failure
Value of: checkContent(large, {6,7,8})
  Actual: false (Data mismatch: expected 6 / actual 8)
Expected: true
[  FAILED  ] Pivot.Size6SmallThenLarge (85 ms)
[----------] 1 test from Pivot (97 ms total)

[----------] Global test environment tear-down
[==========] 1 test from 1 test suite ran. (146 ms total)
[  PASSED  ] 0 tests.
[  FAILED  ] 1 test, listed below:
[  FAILED  ] Pivot.Size6SmallThenLarge

 1 FAILED TEST
==1848== 
==1848== HEAP SUMMARY:
==1848==     in use at exit: 0 bytes in 0 blocks
==1848==   total heap usage: 502 allocs, 502 frees, 150,636 bytes allocated
==1848== 
==1848== All heap blocks were freed -- no leaks are possible
==1848== 
==1848== For counts of detected and suppressed errors, rerun with: -v
==1848== ERROR SUMMARY: 0 errors from 0 contexts (suppressed: 0 from 0)
<end of output>
Test time =   1.47 sec
----------------------------------------------------------
Test Failed.
"Pivot.Size6SmallThenLarge" end time: Feb 25 04:03 UTC
"Pivot.Size6SmallThenLarge" time elapsed: 00:00:01
----------------------------------------------------------

10/50 Testing: Pivot.Size6LargeThenSmall
10/50 Test: Pivot.Size6LargeThenSmall
Command: "/usr/bin/valgrind" "--tool=memcheck" "--leak-check=yes" "--trace-children=no" "--error-exitcode=113" "/home/codio/workspace/hw3/hw3_tests/llrec_tests/llrec_tests" "--gtest_filter=Pivot.Size6LargeThenSmall"
Directory: /home/codio/workspace/hw3/hw3_tests/llrec_tests
"Pivot.Size6LargeThenSmall" start time: Feb 25 04:03 UTC
Output:
----------------------------------------------------------
==1849== Memcheck, a memory error detector
==1849== Copyright (C) 2002-2017, and GNU GPL'd, by Julian Seward et al.
==1849== Using Valgrind-3.13.0 and LibVEX; rerun with -h for copyright info
==1849== Command: /home/codio/workspace/hw3/hw3_tests/llrec_tests/llrec_tests --gtest_filter=Pivot.Size6LargeThenSmall
==1849== 
Running main() from /home/codio/googletest/googletest/src/gtest_main.cc
Note: Google Test filter = Pivot.Size6LargeThenSmall
[==========] Running 1 test from 1 test suite.
[----------] Global test environment set-up.
[----------] 1 test from Pivot
[ RUN      ] Pivot.Size6LargeThenSmall
/home/codio/workspace/hw3/hw3_tests/llrec_tests/llrec_tests.cpp:196: Failure
Value of: checkContent(small, {2,3,4})
  Actual: false (Data mismatch: expected 2 / actual 4)
Expected: true
/home/codio/workspace/hw3/hw3_tests/llrec_tests/llrec_tests.cpp:197: Failure
Value of: checkContent(large, {6,7,8})
  Actual: false (Data mismatch: expected 6 / actual 8)
Expected: true
[  FAILED  ] Pivot.Size6LargeThenSmall (84 ms)
[----------] 1 test from Pivot (96 ms total)

[----------] Global test environment tear-down
[==========] 1 test from 1 test suite ran. (145 ms total)
[  PASSED  ] 0 tests.
[  FAILED  ] 1 test, listed below:
[  FAILED  ] Pivot.Size6LargeThenSmall

 1 FAILED TEST
==1849== 
==1849== HEAP SUMMARY:
==1849==     in use at exit: 0 bytes in 0 blocks
==1849==   total heap usage: 502 allocs, 502 frees, 150,636 bytes allocated
==1849== 
==1849== All heap blocks were freed -- no leaks are possible
==1849== 
==1849== For counts of detected and suppressed errors, rerun with: -v
==1849== ERROR SUMMARY: 0 errors from 0 contexts (suppressed: 0 from 0)
<end of output>
Test time =   1.47 sec
----------------------------------------------------------
Test Failed.
"Pivot.Size6LargeThenSmall" end time: Feb 25 04:03 UTC
"Pivot.Size6LargeThenSmall" time elapsed: 00:00:01
----------------------------------------------------------

11/50 Testing: Pivot.Nominal
11/50 Test: Pivot.Nominal
Command: "/usr/bin/valgrind" "--tool=memcheck" "--leak-check=yes" "--trace-children=no" "--error-exitcode=113" "/home/codio/workspace/hw3/hw3_tests/llrec_tests/llrec_tests" "--gtest_filter=Pivot.Nominal"
Directory: /home/codio/workspace/hw3/hw3_tests/llrec_tests
"Pivot.Nominal" start time: Feb 25 04:03 UTC
Output:
----------------------------------------------------------
==1850== Memcheck, a memory error detector
==1850== Copyright (C) 2002-2017, and GNU GPL'd, by Julian Seward et al.
==1850== Using Valgrind-3.13.0 and LibVEX; rerun with -h for copyright info
==1850== Command: /home/codio/workspace/hw3/hw3_tests/llrec_tests/llrec_tests --gtest_filter=Pivot.Nominal
==1850== 
Running main() from /home/codio/googletest/googletest/src/gtest_main.cc
Note: Google Test filter = Pivot.Nominal
[==========] Running 1 test from 1 test suite.
[----------] Global test environment set-up.
[----------] 1 test from Pivot
[ RUN      ] Pivot.Nominal
/home/codio/workspace/hw3/hw3_tests/llrec_tests/llrec_tests.cpp:212: Failure
Value of: checkContent(small, {2, 4, 3})
  Actual: false (Data mismatch: expected 2 / actual 3)
Expected: true
[  FAILED  ] Pivot.Nominal (79 ms)
[----------] 1 test from Pivot (91 ms total)

[----------] Global test environment tear-down
[==========] 1 test from 1 test suite ran. (140 ms total)
[  PASSED  ] 0 tests.
[  FAILED  ] 1 test, listed below:
[  FAILED  ] Pivot.Nominal

 1 FAILED TEST
==1850== 
==1850== HEAP SUMMARY:
==1850==     in use at exit: 0 bytes in 0 blocks
==1850==   total heap usage: 454 allocs, 454 frees, 141,957 bytes allocated
==1850== 
==1850== All heap blocks were freed -- no leaks are possible
==1850== 
==1850== For counts of detected and suppressed errors, rerun with: -v
==1850== ERROR SUMMARY: 0 errors from 0 contexts (suppressed: 0 from 0)
<end of output>
Test time =   1.48 sec
----------------------------------------------------------
Test Failed.
"Pivot.Nominal" end time: Feb 25 04:03 UTC
"Pivot.Nominal" time elapsed: 00:00:01
----------------------------------------------------------

12/50 Testing: Pivot.SameValues
12/50 Test: Pivot.SameValues
Command: "/usr/bin/valgrind" "--tool=memcheck" "--leak-check=yes" "--trace-children=no" "--error-exitcode=113" "/home/codio/workspace/hw3/hw3_tests/llrec_tests/llrec_tests" "--gtest_filter=Pivot.SameValues"
Directory: /home/codio/workspace/hw3/hw3_tests/llrec_tests
"Pivot.SameValues" start time: Feb 25 04:03 UTC
Output:
----------------------------------------------------------
==1851== Memcheck, a memory error detector
==1851== Copyright (C) 2002-2017, and GNU GPL'd, by Julian Seward et al.
==1851== Using Valgrind-3.13.0 and LibVEX; rerun with -h for copyright info
==1851== Command: /home/codio/workspace/hw3/hw3_tests/llrec_tests/llrec_tests --gtest_filter=Pivot.SameValues
==1851== 
Running main() from /home/codio/googletest/googletest/src/gtest_main.cc
Note: Google Test filter = Pivot.SameValues
[==========] Running 1 test from 1 test suite.
[----------] Global test environment set-up.
[----------] 1 test from Pivot
[ RUN      ] Pivot.SameValues
/home/codio/workspace/hw3/hw3_tests/llrec_tests/llrec_tests.cpp:228: Failure
Value of: checkContent(small, {2, 2, 2, 2})
  Actual: false (Expected list of size 4 but actual list size is 0)
Expected: true
/home/codio/workspace/hw3/hw3_tests/llrec_tests/llrec_tests.cpp:229: Failure
Value of: checkContent(large, {})
  Actual: false (Expected list of size 0 but actual list size is 4)
Expected: true
[  FAILED  ] Pivot.SameValues (87 ms)
[----------] 1 test from Pivot (98 ms total)

[----------] Global test environment tear-down
[==========] 1 test from 1 test suite ran. (148 ms total)
[  PASSED  ] 0 tests.
[  FAILED  ] 1 test, listed below:
[  FAILED  ] Pivot.SameValues

 1 FAILED TEST
==1851== 
==1851== HEAP SUMMARY:
==1851==     in use at exit: 0 bytes in 0 blocks
==1851==   total heap usage: 503 allocs, 503 frees, 152,034 bytes allocated
==1851== 
==1851== All heap blocks were freed -- no leaks are possible
==1851== 
==1851== For counts of detected and suppressed errors, rerun with: -v
==1851== ERROR SUMMARY: 0 errors from 0 contexts (suppressed: 0 from 0)
<end of output>
Test time =   1.47 sec
----------------------------------------------------------
Test Failed.
"Pivot.SameValues" end time: Feb 25 04:03 UTC
"Pivot.SameValues" time elapsed: 00:00:01
----------------------------------------------------------

13/50 Testing: Pivot.NoCopySameNodeCheck
13/50 Test: Pivot.NoCopySameNodeCheck
Command: "/usr/bin/valgrind" "--tool=memcheck" "--leak-check=yes" "--trace-children=no" "--error-exitcode=113" "/home/codio/workspace/hw3/hw3_tests/llrec_tests/llrec_tests" "--gtest_filter=Pivot.NoCopySameNodeCheck"
Directory: /home/codio/workspace/hw3/hw3_tests/llrec_tests
"Pivot.NoCopySameNodeCheck" start time: Feb 25 04:03 UTC
Output:
----------------------------------------------------------
==1852== Memcheck, a memory error detector
==1852== Copyright (C) 2002-2017, and GNU GPL'd, by Julian Seward et al.
==1852== Using Valgrind-3.13.0 and LibVEX; rerun with -h for copyright info
==1852== Command: /home/codio/workspace/hw3/hw3_tests/llrec_tests/llrec_tests --gtest_filter=Pivot.NoCopySameNodeCheck
==1852== 
Running main() from /home/codio/googletest/googletest/src/gtest_main.cc
Note: Google Test filter = Pivot.NoCopySameNodeCheck
[==========] Running 1 test from 1 test suite.
[----------] Global test environment set-up.
[----------] 1 test from Pivot
[ RUN      ] Pivot.NoCopySameNodeCheck
/home/codio/workspace/hw3/hw3_tests/llrec_tests/llrec_tests.cpp:250: Failure
Value of: checkContent(small, {2, 3, 4})
  Actual: false (Data mismatch: expected 2 / actual 4)
Expected: true
/home/codio/workspace/hw3/hw3_tests/llrec_tests/llrec_tests.cpp:257: Failure
Expected equality of these values:
  aftertemp
    Which is: 0x62c3b30
  originalNodes[i++]
    Which is: 0x62c3a90
/home/codio/workspace/hw3/hw3_tests/llrec_tests/llrec_tests.cpp:257: Failure
Expected equality of these values:
  aftertemp
    Which is: 0x62c3a90
  originalNodes[i++]
    Which is: 0x62c3b30
[  FAILED  ] Pivot.NoCopySameNodeCheck (115 ms)
[----------] 1 test from Pivot (126 ms total)

[----------] Global test environment tear-down
[==========] 1 test from 1 test suite ran. (175 ms total)
[  PASSED  ] 0 tests.
[  FAILED  ] 1 test, listed below:
[  FAILED  ] Pivot.NoCopySameNodeCheck

 1 FAILED TEST
==1852== 
==1852== HEAP SUMMARY:
==1852==     in use at exit: 0 bytes in 0 blocks
==1852==   total heap usage: 537 allocs, 537 frees, 157,972 bytes allocated
==1852== 
==1852== All heap blocks were freed -- no leaks are possible
==1852== 
==1852== For counts of detected and suppressed errors, rerun with: -v
==1852== ERROR SUMMARY: 0 errors from 0 contexts (suppressed: 0 from 0)
<end of output>
Test time =   1.50 sec
----------------------------------------------------------
Test Failed.
"Pivot.NoCopySameNodeCheck" end time: Feb 25 04:03 UTC
"Pivot.NoCopySameNodeCheck" time elapsed: 00:00:01
----------------------------------------------------------

14/50 Testing: Filter.EmptyList
14/50 Test: Filter.EmptyList
Command: "/usr/bin/valgrind" "--tool=memcheck" "--leak-check=yes" "--trace-children=no" "--error-exitcode=113" "/home/codio/workspace/hw3/hw3_tests/llrec_tests/llrec_tests" "--gtest_filter=Filter.EmptyList"
Directory: /home/codio/workspace/hw3/hw3_tests/llrec_tests
"Filter.EmptyList" start time: Feb 25 04:03 UTC
Output:
----------------------------------------------------------
==1853== Memcheck, a memory error detector
==1853== Copyright (C) 2002-2017, and GNU GPL'd, by Julian Seward et al.
==1853== Using Valgrind-3.13.0 and LibVEX; rerun with -h for copyright info
==1853== Command: /home/codio/workspace/hw3/hw3_tests/llrec_tests/llrec_tests --gtest_filter=Filter.EmptyList
==1853== 
Running main() from /home/codio/googletest/googletest/src/gtest_main.cc
Note: Google Test filter = Filter.EmptyList
[==========] Running 1 test from 1 test suite.
[----------] Global test environment set-up.
[----------] 1 test from Filter
[ RUN      ] Filter.EmptyList
[       OK ] Filter.EmptyList (22 ms)
[----------] 1 test from Filter (31 ms total)

[----------] Global test environment tear-down
[==========] 1 test from 1 test suite ran. (81 ms total)
[  PASSED  ] 1 test.
==1853== 
==1853== HEAP SUMMARY:
==1853==     in use at exit: 0 bytes in 0 blocks
==1853==   total heap usage: 410 allocs, 410 frees, 133,254 bytes allocated
==1853== 
==1853== All heap blocks were freed -- no leaks are possible
==1853== 
==1853== For counts of detected and suppressed errors, rerun with: -v
==1853== ERROR SUMMARY: 0 errors from 0 contexts (suppressed: 0 from 0)
<end of output>
Test time =   1.39 sec
----------------------------------------------------------
Test Passed.
"Filter.EmptyList" end time: Feb 25 04:03 UTC
"Filter.EmptyList" time elapsed: 00:00:01
----------------------------------------------------------

15/50 Testing: Filter.Size1_F
15/50 Test: Filter.Size1_F
Command: "/usr/bin/valgrind" "--tool=memcheck" "--leak-check=yes" "--trace-children=no" "--error-exitcode=113" "/home/codio/workspace/hw3/hw3_tests/llrec_tests/llrec_tests" "--gtest_filter=Filter.Size1_F"
Directory: /home/codio/workspace/hw3/hw3_tests/llrec_tests
"Filter.Size1_F" start time: Feb 25 04:03 UTC
Output:
----------------------------------------------------------
==1854== Memcheck, a memory error detector
==1854== Copyright (C) 2002-2017, and GNU GPL'd, by Julian Seward et al.
==1854== Using Valgrind-3.13.0 and LibVEX; rerun with -h for copyright info
==1854== Command: /home/codio/workspace/hw3/hw3_tests/llrec_tests/llrec_tests --gtest_filter=Filter.Size1_F
==1854== 
Running main() from /home/codio/googletest/googletest/src/gtest_main.cc
Note: Google Test filter = Filter.Size1_F
[==========] Running 1 test from 1 test suite.
[----------] Global test environment set-up.
[----------] 1 test from Filter
[ RUN      ] Filter.Size1_F
[       OK ] Filter.Size1_F (29 ms)
[----------] 1 test from Filter (38 ms total)

[----------] Global test environment tear-down
[==========] 1 test from 1 test suite ran. (88 ms total)
[  PASSED  ] 1 test.
==1854== 
==1854== HEAP SUMMARY:
==1854==     in use at exit: 0 bytes in 0 blocks
==1854==   total heap usage: 407 allocs, 407 frees, 133,122 bytes allocated
==1854== 
==1854== All heap blocks were freed -- no leaks are possible
==1854== 
==1854== For counts of detected and suppressed errors, rerun with: -v
==1854== ERROR SUMMARY: 0 errors from 0 contexts (suppressed: 0 from 0)
<end of output>
Test time =   1.43 sec
----------------------------------------------------------
Test Passed.
"Filter.Size1_F" end time: Feb 25 04:03 UTC
"Filter.Size1_F" time elapsed: 00:00:01
----------------------------------------------------------

16/50 Testing: Filter.Size1_nF
16/50 Test: Filter.Size1_nF
Command: "/usr/bin/valgrind" "--tool=memcheck" "--leak-check=yes" "--trace-children=no" "--error-exitcode=113" "/home/codio/workspace/hw3/hw3_tests/llrec_tests/llrec_tests" "--gtest_filter=Filter.Size1_nF"
Directory: /home/codio/workspace/hw3/hw3_tests/llrec_tests
"Filter.Size1_nF" start time: Feb 25 04:03 UTC
Output:
----------------------------------------------------------
==1855== Memcheck, a memory error detector
==1855== Copyright (C) 2002-2017, and GNU GPL'd, by Julian Seward et al.
==1855== Using Valgrind-3.13.0 and LibVEX; rerun with -h for copyright info
==1855== Command: /home/codio/workspace/hw3/hw3_tests/llrec_tests/llrec_tests --gtest_filter=Filter.Size1_nF
==1855== 
Running main() from /home/codio/googletest/googletest/src/gtest_main.cc
Note: Google Test filter = Filter.Size1_nF
[==========] Running 1 test from 1 test suite.
[----------] Global test environment set-up.
[----------] 1 test from Filter
[ RUN      ] Filter.Size1_nF
[       OK ] Filter.Size1_nF (29 ms)
[----------] 1 test from Filter (38 ms total)

[----------] Global test environment tear-down
[==========] 1 test from 1 test suite ran. (87 ms total)
[  PASSED  ] 1 test.
==1855== 
==1855== HEAP SUMMARY:
==1855==     in use at exit: 0 bytes in 0 blocks
==1855==   total heap usage: 408 allocs, 408 frees, 133,131 bytes allocated
==1855== 
==1855== All heap blocks were freed -- no leaks are possible
==1855== 
==1855== For counts of detected and suppressed errors, rerun with: -v
==1855== ERROR SUMMARY: 0 errors from 0 contexts (suppressed: 0 from 0)
<end of output>
Test time =   1.41 sec
----------------------------------------------------------
Test Passed.
"Filter.Size1_nF" end time: Feb 25 04:03 UTC
"Filter.Size1_nF" time elapsed: 00:00:01
----------------------------------------------------------

17/50 Testing: Filter.Size2_F_nF
17/50 Test: Filter.Size2_F_nF
Command: "/usr/bin/valgrind" "--tool=memcheck" "--leak-check=yes" "--trace-children=no" "--error-exitcode=113" "/home/codio/workspace/hw3/hw3_tests/llrec_tests/llrec_tests" "--gtest_filter=Filter.Size2_F_nF"
Directory: /home/codio/workspace/hw3/hw3_tests/llrec_tests
"Filter.Size2_F_nF" start time: Feb 25 04:03 UTC
Output:
----------------------------------------------------------
==1856== Memcheck, a memory error detector
==1856== Copyright (C) 2002-2017, and GNU GPL'd, by Julian Seward et al.
==1856== Using Valgrind-3.13.0 and LibVEX; rerun with -h for copyright info
==1856== Command: /home/codio/workspace/hw3/hw3_tests/llrec_tests/llrec_tests --gtest_filter=Filter.Size2_F_nF
==1856== 
Running main() from /home/codio/googletest/googletest/src/gtest_main.cc
Note: Google Test filter = Filter.Size2_F_nF
[==========] Running 1 test from 1 test suite.
[----------] Global test environment set-up.
[----------] 1 test from Filter
[ RUN      ] Filter.Size2_F_nF
[       OK ] Filter.Size2_F_nF (30 ms)
[----------] 1 test from Filter (39 ms total)

[----------] Global test environment tear-down
[==========] 1 test from 1 test suite ran. (88 ms total)
[  PASSED  ] 1 test.
==1856== 
==1856== HEAP SUMMARY:
==1856==     in use at exit: 0 bytes in 0 blocks
==1856==   total heap usage: 415 allocs, 415 frees, 133,316 bytes allocated
==1856== 
==1856== All heap blocks were freed -- no leaks are possible
==1856== 
==1856== For counts of detected and suppressed errors, rerun with: -v
==1856== ERROR SUMMARY: 0 errors from 0 contexts (suppressed: 0 from 0)
<end of output>
Test time =   1.40 sec
----------------------------------------------------------
Test Passed.
"Filter.Size2_F_nF" end time: Feb 25 04:03 UTC
"Filter.Size2_F_nF" time elapsed: 00:00:01
----------------------------------------------------------

18/50 Testing: Filter.Size2_nF_F
18/50 Test: Filter.Size2_nF_F
Command: "/usr/bin/valgrind" "--tool=memcheck" "--leak-check=yes" "--trace-children=no" "--error-exitcode=113" "/home/codio/workspace/hw3/hw3_tests/llrec_tests/llrec_tests" "--gtest_filter=Filter.Size2_nF_F"
Directory: /home/codio/workspace/hw3/hw3_tests/llrec_tests
"Filter.Size2_nF_F" start time: Feb 25 04:03 UTC
Output:
----------------------------------------------------------
==1857== Memcheck, a memory error detector
==1857== Copyright (C) 2002-2017, and GNU GPL'd, by Julian Seward et al.
==1857== Using Valgrind-3.13.0 and LibVEX; rerun with -h for copyright info
==1857== Command: /home/codio/workspace/hw3/hw3_tests/llrec_tests/llrec_tests --gtest_filter=Filter.Size2_nF_F
==1857== 
Running main() from /home/codio/googletest/googletest/src/gtest_main.cc
Note: Google Test filter = Filter.Size2_nF_F
[==========] Running 1 test from 1 test suite.
[----------] Global test environment set-up.
[----------] 1 test from Filter
[ RUN      ] Filter.Size2_nF_F
[       OK ] Filter.Size2_nF_F (28 ms)
[----------] 1 test from Filter (38 ms total)

[----------] Global test environment tear-down
[==========] 1 test from 1 test suite ran. (87 ms total)
[  PASSED  ] 1 test.
==1857== 
==1857== HEAP SUMMARY:
==1857==     in use at exit: 0 bytes in 0 blocks
==1857==   total heap usage: 414 allocs, 414 frees, 133,308 bytes allocated
==1857== 
==1857== All heap blocks were freed -- no leaks are possible
==1857== 
==1857== For counts of detected and suppressed errors, rerun with: -v
==1857== ERROR SUMMARY: 0 errors from 0 contexts (suppressed: 0 from 0)
<end of output>
Test time =   1.40 sec
----------------------------------------------------------
Test Passed.
"Filter.Size2_nF_F" end time: Feb 25 04:03 UTC
"Filter.Size2_nF_F" time elapsed: 00:00:01
----------------------------------------------------------

19/50 Testing: Filter.Size3_nF_F_nF
19/50 Test: Filter.Size3_nF_F_nF
Command: "/usr/bin/valgrind" "--tool=memcheck" "--leak-check=yes" "--trace-children=no" "--error-exitcode=113" "/home/codio/workspace/hw3/hw3_tests/llrec_tests/llrec_tests" "--gtest_filter=Filter.Size3_nF_F_nF"
Directory: /home/codio/workspace/hw3/hw3_tests/llrec_tests
"Filter.Size3_nF_F_nF" start time: Feb 25 04:03 UTC
Output:
----------------------------------------------------------
==1858== Memcheck, a memory error detector
==1858== Copyright (C) 2002-2017, and GNU GPL'd, by Julian Seward et al.
==1858== Using Valgrind-3.13.0 and LibVEX; rerun with -h for copyright info
==1858== Command: /home/codio/workspace/hw3/hw3_tests/llrec_tests/llrec_tests --gtest_filter=Filter.Size3_nF_F_nF
==1858== 
Running main() from /home/codio/googletest/googletest/src/gtest_main.cc
Note: Google Test filter = Filter.Size3_nF_F_nF
[==========] Running 1 test from 1 test suite.
[----------] Global test environment set-up.
[----------] 1 test from Filter
[ RUN      ] Filter.Size3_nF_F_nF
[       OK ] Filter.Size3_nF_F_nF (29 ms)
[----------] 1 test from Filter (38 ms total)

[----------] Global test environment tear-down
[==========] 1 test from 1 test suite ran. (88 ms total)
[  PASSED  ] 1 test.
==1858== 
==1858== HEAP SUMMARY:
==1858==     in use at exit: 0 bytes in 0 blocks
==1858==   total heap usage: 415 allocs, 415 frees, 133,362 bytes allocated
==1858== 
==1858== All heap blocks were freed -- no leaks are possible
==1858== 
==1858== For counts of detected and suppressed errors, rerun with: -v
==1858== ERROR SUMMARY: 0 errors from 0 contexts (suppressed: 0 from 0)
<end of output>
Test time =   1.40 sec
----------------------------------------------------------
Test Passed.
"Filter.Size3_nF_F_nF" end time: Feb 25 04:03 UTC
"Filter.Size3_nF_F_nF" time elapsed: 00:00:01
----------------------------------------------------------

20/50 Testing: Filter.Size3_F_nF_F
20/50 Test: Filter.Size3_F_nF_F
Command: "/usr/bin/valgrind" "--tool=memcheck" "--leak-check=yes" "--trace-children=no" "--error-exitcode=113" "/home/codio/workspace/hw3/hw3_tests/llrec_tests/llrec_tests" "--gtest_filter=Filter.Size3_F_nF_F"
Directory: /home/codio/workspace/hw3/hw3_tests/llrec_tests
"Filter.Size3_F_nF_F" start time: Feb 25 04:03 UTC
Output:
----------------------------------------------------------
==1859== Memcheck, a memory error detector
==1859== Copyright (C) 2002-2017, and GNU GPL'd, by Julian Seward et al.
==1859== Using Valgrind-3.13.0 and LibVEX; rerun with -h for copyright info
==1859== Command: /home/codio/workspace/hw3/hw3_tests/llrec_tests/llrec_tests --gtest_filter=Filter.Size3_F_nF_F
==1859== 
Running main() from /home/codio/googletest/googletest/src/gtest_main.cc
Note: Google Test filter = Filter.Size3_F_nF_F
[==========] Running 1 test from 1 test suite.
[----------] Global test environment set-up.
[----------] 1 test from Filter
[ RUN      ] Filter.Size3_F_nF_F
[       OK ] Filter.Size3_F_nF_F (29 ms)
[----------] 1 test from Filter (38 ms total)

[----------] Global test environment tear-down
[==========] 1 test from 1 test suite ran. (87 ms total)
[  PASSED  ] 1 test.
==1859== 
==1859== HEAP SUMMARY:
==1859==     in use at exit: 0 bytes in 0 blocks
==1859==   total heap usage: 415 allocs, 415 frees, 133,348 bytes allocated
==1859== 
==1859== All heap blocks were freed -- no leaks are possible
==1859== 
==1859== For counts of detected and suppressed errors, rerun with: -v
==1859== ERROR SUMMARY: 0 errors from 0 contexts (suppressed: 0 from 0)
<end of output>
Test time =   1.40 sec
----------------------------------------------------------
Test Passed.
"Filter.Size3_F_nF_F" end time: Feb 25 04:03 UTC
"Filter.Size3_F_nF_F" time elapsed: 00:00:01
----------------------------------------------------------

21/50 Testing: Filter.SameNodeCheck
21/50 Test: Filter.SameNodeCheck
Command: "/usr/bin/valgrind" "--tool=memcheck" "--leak-check=yes" "--trace-children=no" "--error-exitcode=113" "/home/codio/workspace/hw3/hw3_tests/llrec_tests/llrec_tests" "--gtest_filter=Filter.SameNodeCheck"
Directory: /home/codio/workspace/hw3/hw3_tests/llrec_tests
"Filter.SameNodeCheck" start time: Feb 25 04:03 UTC
Output:
----------------------------------------------------------
==1860== Memcheck, a memory error detector
==1860== Copyright (C) 2002-2017, and GNU GPL'd, by Julian Seward et al.
==1860== Using Valgrind-3.13.0 and LibVEX; rerun with -h for copyright info
==1860== Command: /home/codio/workspace/hw3/hw3_tests/llrec_tests/llrec_tests --gtest_filter=Filter.SameNodeCheck
==1860== 
Running main() from /home/codio/googletest/googletest/src/gtest_main.cc
Note: Google Test filter = Filter.SameNodeCheck
[==========] Running 1 test from 1 test suite.
[----------] Global test environment set-up.
[----------] 1 test from Filter
[ RUN      ] Filter.SameNodeCheck
[       OK ] Filter.SameNodeCheck (44 ms)
[----------] 1 test from Filter (53 ms total)

[----------] Global test environment tear-down
[==========] 1 test from 1 test suite ran. (103 ms total)
[  PASSED  ] 1 test.
==1860== 
==1860== HEAP SUMMARY:
==1860==     in use at exit: 0 bytes in 0 blocks
==1860==   total heap usage: 420 allocs, 420 frees, 133,458 bytes allocated
==1860== 
==1860== All heap blocks were freed -- no leaks are possible
==1860== 
==1860== For counts of detected and suppressed errors, rerun with: -v
==1860== ERROR SUMMARY: 0 errors from 0 contexts (suppressed: 0 from 0)
<end of output>
Test time =   1.43 sec
----------------------------------------------------------
Test Passed.
"Filter.SameNodeCheck" end time: Feb 25 04:03 UTC
"Filter.SameNodeCheck" time elapsed: 00:00:01
----------------------------------------------------------

22/50 Testing: Filter.MultipleCalls
22/50 Test: Filter.MultipleCalls
Command: "/usr/bin/valgrind" "--tool=memcheck" "--leak-check=yes" "--trace-children=no" "--error-exitcode=113" "/home/codio/workspace/hw3/hw3_tests/llrec_tests/llrec_tests" "--gtest_filter=Filter.MultipleCalls"
Directory: /home/codio/workspace/hw3/hw3_tests/llrec_tests
"Filter.MultipleCalls" start time: Feb 25 04:03 UTC
Output:
----------------------------------------------------------
==1861== Memcheck, a memory error detector
==1861== Copyright (C) 2002-2017, and GNU GPL'd, by Julian Seward et al.
==1861== Using Valgrind-3.13.0 and LibVEX; rerun with -h for copyright info
==1861== Command: /home/codio/workspace/hw3/hw3_tests/llrec_tests/llrec_tests --gtest_filter=Filter.MultipleCalls
==1861== 
Running main() from /home/codio/googletest/googletest/src/gtest_main.cc
Note: Google Test filter = Filter.MultipleCalls
[==========] Running 1 test from 1 test suite.
[----------] Global test environment set-up.
[----------] 1 test from Filter
[ RUN      ] Filter.MultipleCalls
[       OK ] Filter.MultipleCalls (30 ms)
[----------] 1 test from Filter (40 ms total)

[----------] Global test environment tear-down
[==========] 1 test from 1 test suite ran. (89 ms total)
[  PASSED  ] 1 test.
==1861== 
==1861== HEAP SUMMARY:
==1861==     in use at exit: 0 bytes in 0 blocks
==1861==   total heap usage: 420 allocs, 420 frees, 133,458 bytes allocated
==1861== 
==1861== All heap blocks were freed -- no leaks are possible
==1861== 
==1861== For counts of detected and suppressed errors, rerun with: -v
==1861== ERROR SUMMARY: 0 errors from 0 contexts (suppressed: 0 from 0)
<end of output>
Test time =   1.41 sec
----------------------------------------------------------
Test Passed.
"Filter.MultipleCalls" end time: Feb 25 04:03 UTC
"Filter.MultipleCalls" time elapsed: 00:00:01
----------------------------------------------------------

23/50 Testing: Filter.CompareWithLlrec
23/50 Test: Filter.CompareWithLlrec
Command: "/usr/bin/valgrind" "--tool=memcheck" "--leak-check=yes" "--trace-children=no" "--error-exitcode=113" "/home/codio/workspace/hw3/hw3_tests/llrec_tests/llrec_tests" "--gtest_filter=Filter.CompareWithLlrec"
Directory: /home/codio/workspace/hw3/hw3_tests/llrec_tests
"Filter.CompareWithLlrec" start time: Feb 25 04:03 UTC
Output:
----------------------------------------------------------
==1862== Memcheck, a memory error detector
==1862== Copyright (C) 2002-2017, and GNU GPL'd, by Julian Seward et al.
==1862== Using Valgrind-3.13.0 and LibVEX; rerun with -h for copyright info
==1862== Command: /home/codio/workspace/hw3/hw3_tests/llrec_tests/llrec_tests --gtest_filter=Filter.CompareWithLlrec
==1862== 
Running main() from /home/codio/googletest/googletest/src/gtest_main.cc
Note: Google Test filter = Filter.CompareWithLlrec
[==========] Running 1 test from 1 test suite.
[----------] Global test environment set-up.
[----------] 1 test from Filter
[ RUN      ] Filter.CompareWithLlrec
/home/codio/workspace/hw3/hw3_tests/llrec_tests/llrec_tests.cpp:402: Failure
Value of: checkContent(small, {2, 4, 3})
  Actual: false (Data mismatch: expected 2 / actual 3)
Expected: true
/home/codio/workspace/hw3/hw3_tests/llrec_tests/llrec_tests.cpp:420: Failure
Value of: compareLists(small, list)
  Actual: false (Data mismatch: 3 / actual 2)
Expected: true
[  FAILED  ] Filter.CompareWithLlrec (96 ms)
[----------] 1 test from Filter (107 ms total)

[----------] Global test environment tear-down
[==========] 1 test from 1 test suite ran. (156 ms total)
[  PASSED  ] 0 tests.
[  FAILED  ] 1 test, listed below:
[  FAILED  ] Filter.CompareWithLlrec

 1 FAILED TEST
==1862== 
==1862== HEAP SUMMARY:
==1862==     in use at exit: 0 bytes in 0 blocks
==1862==   total heap usage: 510 allocs, 510 frees, 149,978 bytes allocated
==1862== 
==1862== All heap blocks were freed -- no leaks are possible
==1862== 
==1862== For counts of detected and suppressed errors, rerun with: -v
==1862== ERROR SUMMARY: 0 errors from 0 contexts (suppressed: 0 from 0)
<end of output>
Test time =   1.51 sec
----------------------------------------------------------
Test Failed.
"Filter.CompareWithLlrec" end time: Feb 25 04:03 UTC
"Filter.CompareWithLlrec" time elapsed: 00:00:01
----------------------------------------------------------

24/50 Testing: Stack.BasicString
24/50 Test: Stack.BasicString
Command: "/usr/bin/valgrind" "--tool=memcheck" "--leak-check=yes" "--trace-children=no" "--error-exitcode=113" "/home/codio/workspace/hw3/hw3_tests/stack_tests/stack_tests" "--gtest_filter=Stack.BasicString"
Directory: /home/codio/workspace/hw3/hw3_tests/stack_tests
"Stack.BasicString" start time: Feb 25 04:03 UTC
Output:
----------------------------------------------------------
==1863== Memcheck, a memory error detector
==1863== Copyright (C) 2002-2017, and GNU GPL'd, by Julian Seward et al.
==1863== Using Valgrind-3.13.0 and LibVEX; rerun with -h for copyright info
==1863== Command: /home/codio/workspace/hw3/hw3_tests/stack_tests/stack_tests --gtest_filter=Stack.BasicString
==1863== 
Running main() from /home/codio/googletest/googletest/src/gtest_main.cc
Note: Google Test filter = Stack.BasicString
[==========] Running 1 test from 1 test suite.
[----------] Global test environment set-up.
[----------] 1 test from Stack
[ RUN      ] Stack.BasicString
[       OK ] Stack.BasicString (95 ms)
[----------] 1 test from Stack (106 ms total)

[----------] Global test environment tear-down
[==========] 1 test from 1 test suite ran. (160 ms total)
[  PASSED  ] 1 test.
==1863== 
==1863== HEAP SUMMARY:
==1863==     in use at exit: 0 bytes in 0 blocks
==1863==   total heap usage: 230 allocs, 230 frees, 120,612 bytes allocated
==1863== 
==1863== All heap blocks were freed -- no leaks are possible
==1863== 
==1863== For counts of detected and suppressed errors, rerun with: -v
==1863== ERROR SUMMARY: 0 errors from 0 contexts (suppressed: 0 from 0)
<end of output>
Test time =   1.47 sec
----------------------------------------------------------
Test Passed.
"Stack.BasicString" end time: Feb 25 04:03 UTC
"Stack.BasicString" time elapsed: 00:00:01
----------------------------------------------------------

25/50 Testing: Stack.RandomInt
25/50 Test: Stack.RandomInt
Command: "/usr/bin/valgrind" "--tool=memcheck" "--leak-check=yes" "--trace-children=no" "--error-exitcode=113" "/home/codio/workspace/hw3/hw3_tests/stack_tests/stack_tests" "--gtest_filter=Stack.RandomInt"
Directory: /home/codio/workspace/hw3/hw3_tests/stack_tests
"Stack.RandomInt" start time: Feb 25 04:03 UTC
Output:
----------------------------------------------------------
==1864== Memcheck, a memory error detector
==1864== Copyright (C) 2002-2017, and GNU GPL'd, by Julian Seward et al.
==1864== Using Valgrind-3.13.0 and LibVEX; rerun with -h for copyright info
==1864== Command: /home/codio/workspace/hw3/hw3_tests/stack_tests/stack_tests --gtest_filter=Stack.RandomInt
==1864== 
Running main() from /home/codio/googletest/googletest/src/gtest_main.cc
Note: Google Test filter = Stack.RandomInt
[==========] Running 1 test from 1 test suite.
[----------] Global test environment set-up.
[----------] 1 test from Stack
[ RUN      ] Stack.RandomInt
[       OK ] Stack.RandomInt (1534 ms)
[----------] 1 test from Stack (1543 ms total)

[----------] Global test environment tear-down
[==========] 1 test from 1 test suite ran. (1592 ms total)
[  PASSED  ] 1 test.
==1864== 
==1864== HEAP SUMMARY:
==1864==     in use at exit: 0 bytes in 0 blocks
==1864==   total heap usage: 21,262 allocs, 21,262 frees, 1,081,433 bytes allocated
==1864== 
==1864== All heap blocks were freed -- no leaks are possible
==1864== 
==1864== For counts of detected and suppressed errors, rerun with: -v
==1864== ERROR SUMMARY: 0 errors from 0 contexts (suppressed: 0 from 0)
<end of output>
Test time =   2.98 sec
----------------------------------------------------------
Test Passed.
"Stack.RandomInt" end time: Feb 25 04:03 UTC
"Stack.RandomInt" time elapsed: 00:00:02
----------------------------------------------------------

26/50 Testing: HeapTest.ConstructionDestruction
26/50 Test: HeapTest.ConstructionDestruction
Command: "/usr/bin/valgrind" "--tool=memcheck" "--leak-check=yes" "--trace-children=no" "--error-exitcode=113" "/home/codio/workspace/hw3/hw3_tests/heap_tests/heap_tests" "--gtest_filter=HeapTest.ConstructionDestruction"
Directory: /home/codio/workspace/hw3/hw3_tests/heap_tests
"HeapTest.ConstructionDestruction" start time: Feb 25 04:03 UTC
Output:
----------------------------------------------------------
==1865== Memcheck, a memory error detector
==1865== Copyright (C) 2002-2017, and GNU GPL'd, by Julian Seward et al.
==1865== Using Valgrind-3.13.0 and LibVEX; rerun with -h for copyright info
==1865== Command: /home/codio/workspace/hw3/hw3_tests/heap_tests/heap_tests --gtest_filter=HeapTest.ConstructionDestruction
==1865== 
Running main() from /home/codio/googletest/googletest/src/gtest_main.cc
Note: Google Test filter = HeapTest.ConstructionDestruction
[==========] Running 1 test from 1 test suite.
[----------] Global test environment set-up.
[----------] 1 test from HeapTest
[ RUN      ] HeapTest.ConstructionDestruction
[       OK ] HeapTest.ConstructionDestruction (17 ms)
[----------] 1 test from HeapTest (26 ms total)

[----------] Global test environment tear-down
[==========] 1 test from 1 test suite ran. (76 ms total)
[  PASSED  ] 1 test.
==1865== 
==1865== HEAP SUMMARY:
==1865==     in use at exit: 0 bytes in 0 blocks
==1865==   total heap usage: 468 allocs, 468 frees, 135,793 bytes allocated
==1865== 
==1865== All heap blocks were freed -- no leaks are possible
==1865== 
==1865== For counts of detected and suppressed errors, rerun with: -v
==1865== ERROR SUMMARY: 0 errors from 0 contexts (suppressed: 0 from 0)
<end of output>
Test time =   1.44 sec
----------------------------------------------------------
Test Passed.
"HeapTest.ConstructionDestruction" end time: Feb 25 04:03 UTC
"HeapTest.ConstructionDestruction" time elapsed: 00:00:01
----------------------------------------------------------

27/50 Testing: HeapTest.InitiallyEmpty
27/50 Test: HeapTest.InitiallyEmpty
Command: "/usr/bin/valgrind" "--tool=memcheck" "--leak-check=yes" "--trace-children=no" "--error-exitcode=113" "/home/codio/workspace/hw3/hw3_tests/heap_tests/heap_tests" "--gtest_filter=HeapTest.InitiallyEmpty"
Directory: /home/codio/workspace/hw3/hw3_tests/heap_tests
"HeapTest.InitiallyEmpty" start time: Feb 25 04:03 UTC
Output:
----------------------------------------------------------
==1866== Memcheck, a memory error detector
==1866== Copyright (C) 2002-2017, and GNU GPL'd, by Julian Seward et al.
==1866== Using Valgrind-3.13.0 and LibVEX; rerun with -h for copyright info
==1866== Command: /home/codio/workspace/hw3/hw3_tests/heap_tests/heap_tests --gtest_filter=HeapTest.InitiallyEmpty
==1866== 
Running main() from /home/codio/googletest/googletest/src/gtest_main.cc
Note: Google Test filter = HeapTest.InitiallyEmpty
[==========] Running 1 test from 1 test suite.
[----------] Global test environment set-up.
[----------] 1 test from HeapTest
[ RUN      ] HeapTest.InitiallyEmpty
[       OK ] HeapTest.InitiallyEmpty (19 ms)
[----------] 1 test from HeapTest (28 ms total)

[----------] Global test environment tear-down
[==========] 1 test from 1 test suite ran. (78 ms total)
[  PASSED  ] 1 test.
==1866== 
==1866== HEAP SUMMARY:
==1866==     in use at exit: 0 bytes in 0 blocks
==1866==   total heap usage: 468 allocs, 468 frees, 135,697 bytes allocated
==1866== 
==1866== All heap blocks were freed -- no leaks are possible
==1866== 
==1866== For counts of detected and suppressed errors, rerun with: -v
==1866== ERROR SUMMARY: 0 errors from 0 contexts (suppressed: 0 from 0)
<end of output>
Test time =   1.41 sec
----------------------------------------------------------
Test Passed.
"HeapTest.InitiallyEmpty" end time: Feb 25 04:03 UTC
"HeapTest.InitiallyEmpty" time elapsed: 00:00:01
----------------------------------------------------------

28/50 Testing: HeapTest.EmptyTopException
28/50 Test: HeapTest.EmptyTopException
Command: "/usr/bin/valgrind" "--tool=memcheck" "--leak-check=yes" "--trace-children=no" "--error-exitcode=113" "/home/codio/workspace/hw3/hw3_tests/heap_tests/heap_tests" "--gtest_filter=HeapTest.EmptyTopException"
Directory: /home/codio/workspace/hw3/hw3_tests/heap_tests
"HeapTest.EmptyTopException" start time: Feb 25 04:03 UTC
Output:
----------------------------------------------------------
==1867== Memcheck, a memory error detector
==1867== Copyright (C) 2002-2017, and GNU GPL'd, by Julian Seward et al.
==1867== Using Valgrind-3.13.0 and LibVEX; rerun with -h for copyright info
==1867== Command: /home/codio/workspace/hw3/hw3_tests/heap_tests/heap_tests --gtest_filter=HeapTest.EmptyTopException
==1867== 
Running main() from /home/codio/googletest/googletest/src/gtest_main.cc
Note: Google Test filter = HeapTest.EmptyTopException
[==========] Running 1 test from 1 test suite.
[----------] Global test environment set-up.
[----------] 1 test from HeapTest
[ RUN      ] HeapTest.EmptyTopException
[       OK ] HeapTest.EmptyTopException (57 ms)
[----------] 1 test from HeapTest (66 ms total)

[----------] Global test environment tear-down
[==========] 1 test from 1 test suite ran. (115 ms total)
[  PASSED  ] 1 test.
==1867== 
==1867== HEAP SUMMARY:
==1867==     in use at exit: 0 bytes in 0 blocks
==1867==   total heap usage: 470 allocs, 470 frees, 135,915 bytes allocated
==1867== 
==1867== All heap blocks were freed -- no leaks are possible
==1867== 
==1867== For counts of detected and suppressed errors, rerun with: -v
==1867== ERROR SUMMARY: 0 errors from 0 contexts (suppressed: 0 from 0)
<end of output>
Test time =   1.44 sec
----------------------------------------------------------
Test Passed.
"HeapTest.EmptyTopException" end time: Feb 25 04:03 UTC
"HeapTest.EmptyTopException" time elapsed: 00:00:01
----------------------------------------------------------

29/50 Testing: HeapTest.EmptyPopException
29/50 Test: HeapTest.EmptyPopException
Command: "/usr/bin/valgrind" "--tool=memcheck" "--leak-check=yes" "--trace-children=no" "--error-exitcode=113" "/home/codio/workspace/hw3/hw3_tests/heap_tests/heap_tests" "--gtest_filter=HeapTest.EmptyPopException"
Directory: /home/codio/workspace/hw3/hw3_tests/heap_tests
"HeapTest.EmptyPopException" start time: Feb 25 04:03 UTC
Output:
----------------------------------------------------------
==1868== Memcheck, a memory error detector
==1868== Copyright (C) 2002-2017, and GNU GPL'd, by Julian Seward et al.
==1868== Using Valgrind-3.13.0 and LibVEX; rerun with -h for copyright info
==1868== Command: /home/codio/workspace/hw3/hw3_tests/heap_tests/heap_tests --gtest_filter=HeapTest.EmptyPopException
==1868== 
Running main() from /home/codio/googletest/googletest/src/gtest_main.cc
Note: Google Test filter = HeapTest.EmptyPopException
[==========] Running 1 test from 1 test suite.
[----------] Global test environment set-up.
[----------] 1 test from HeapTest
[ RUN      ] HeapTest.EmptyPopException
[       OK ] HeapTest.EmptyPopException (57 ms)
[----------] 1 test from HeapTest (66 ms total)

[----------] Global test environment tear-down
[==========] 1 test from 1 test suite ran. (115 ms total)
[  PASSED  ] 1 test.
==1868== 
==1868== HEAP SUMMARY:
==1868==     in use at exit: 0 bytes in 0 blocks
==1868==   total heap usage: 470 allocs, 470 frees, 135,915 bytes allocated
==1868== 
==1868== All heap blocks were freed -- no leaks are possible
==1868== 
==1868== For counts of detected and suppressed errors, rerun with: -v
==1868== ERROR SUMMARY: 0 errors from 0 contexts (suppressed: 0 from 0)
<end of output>
Test time =   1.45 sec
----------------------------------------------------------
Test Passed.
"HeapTest.EmptyPopException" end time: Feb 25 04:03 UTC
"HeapTest.EmptyPopException" time elapsed: 00:00:01
----------------------------------------------------------

30/50 Testing: HeapTest.SingleItemNonempty
30/50 Test: HeapTest.SingleItemNonempty
Command: "/usr/bin/valgrind" "--tool=memcheck" "--leak-check=yes" "--trace-children=no" "--error-exitcode=113" "/home/codio/workspace/hw3/hw3_tests/heap_tests/heap_tests" "--gtest_filter=HeapTest.SingleItemNonempty"
Directory: /home/codio/workspace/hw3/hw3_tests/heap_tests
"HeapTest.SingleItemNonempty" start time: Feb 25 04:03 UTC
Output:
----------------------------------------------------------
==1869== Memcheck, a memory error detector
==1869== Copyright (C) 2002-2017, and GNU GPL'd, by Julian Seward et al.
==1869== Using Valgrind-3.13.0 and LibVEX; rerun with -h for copyright info
==1869== Command: /home/codio/workspace/hw3/hw3_tests/heap_tests/heap_tests --gtest_filter=HeapTest.SingleItemNonempty
==1869== 
Running main() from /home/codio/googletest/googletest/src/gtest_main.cc
Note: Google Test filter = HeapTest.SingleItemNonempty
[==========] Running 1 test from 1 test suite.
[----------] Global test environment set-up.
[----------] 1 test from HeapTest
[ RUN      ] HeapTest.SingleItemNonempty
[       OK ] HeapTest.SingleItemNonempty (23 ms)
[----------] 1 test from HeapTest (32 ms total)

[----------] Global test environment tear-down
[==========] 1 test from 1 test suite ran. (81 ms total)
[  PASSED  ] 1 test.
==1869== 
==1869== HEAP SUMMARY:
==1869==     in use at exit: 0 bytes in 0 blocks
==1869==   total heap usage: 469 allocs, 469 frees, 135,741 bytes allocated
==1869== 
==1869== All heap blocks were freed -- no leaks are possible
==1869== 
==1869== For counts of detected and suppressed errors, rerun with: -v
==1869== ERROR SUMMARY: 0 errors from 0 contexts (suppressed: 0 from 0)
<end of output>
Test time =   1.41 sec
----------------------------------------------------------
Test Passed.
"HeapTest.SingleItemNonempty" end time: Feb 25 04:03 UTC
"HeapTest.SingleItemNonempty" time elapsed: 00:00:01
----------------------------------------------------------

31/50 Testing: HeapTest.SingleItemPush
31/50 Test: HeapTest.SingleItemPush
Command: "/usr/bin/valgrind" "--tool=memcheck" "--leak-check=yes" "--trace-children=no" "--error-exitcode=113" "/home/codio/workspace/hw3/hw3_tests/heap_tests/heap_tests" "--gtest_filter=HeapTest.SingleItemPush"
Directory: /home/codio/workspace/hw3/hw3_tests/heap_tests
"HeapTest.SingleItemPush" start time: Feb 25 04:03 UTC
Output:
----------------------------------------------------------
==1870== Memcheck, a memory error detector
==1870== Copyright (C) 2002-2017, and GNU GPL'd, by Julian Seward et al.
==1870== Using Valgrind-3.13.0 and LibVEX; rerun with -h for copyright info
==1870== Command: /home/codio/workspace/hw3/hw3_tests/heap_tests/heap_tests --gtest_filter=HeapTest.SingleItemPush
==1870== 
Running main() from /home/codio/googletest/googletest/src/gtest_main.cc
Note: Google Test filter = HeapTest.SingleItemPush
[==========] Running 1 test from 1 test suite.
[----------] Global test environment set-up.
[----------] 1 test from HeapTest
[ RUN      ] HeapTest.SingleItemPush
[       OK ] HeapTest.SingleItemPush (26 ms)
[----------] 1 test from HeapTest (34 ms total)

[----------] Global test environment tear-down
[==========] 1 test from 1 test suite ran. (84 ms total)
[  PASSED  ] 1 test.
==1870== 
==1870== HEAP SUMMARY:
==1870==     in use at exit: 0 bytes in 0 blocks
==1870==   total heap usage: 469 allocs, 469 frees, 135,701 bytes allocated
==1870== 
==1870== All heap blocks were freed -- no leaks are possible
==1870== 
==1870== For counts of detected and suppressed errors, rerun with: -v
==1870== ERROR SUMMARY: 0 errors from 0 contexts (suppressed: 0 from 0)
<end of output>
Test time =   1.55 sec
----------------------------------------------------------
Test Passed.
"HeapTest.SingleItemPush" end time: Feb 25 04:03 UTC
"HeapTest.SingleItemPush" time elapsed: 00:00:01
----------------------------------------------------------

32/50 Testing: HeapTest.SingleItemPushPop
32/50 Test: HeapTest.SingleItemPushPop
Command: "/usr/bin/valgrind" "--tool=memcheck" "--leak-check=yes" "--trace-children=no" "--error-exitcode=113" "/home/codio/workspace/hw3/hw3_tests/heap_tests/heap_tests" "--gtest_filter=HeapTest.SingleItemPushPop"
Directory: /home/codio/workspace/hw3/hw3_tests/heap_tests
"HeapTest.SingleItemPushPop" start time: Feb 25 04:03 UTC
Output:
----------------------------------------------------------
==1871== Memcheck, a memory error detector
==1871== Copyright (C) 2002-2017, and GNU GPL'd, by Julian Seward et al.
==1871== Using Valgrind-3.13.0 and LibVEX; rerun with -h for copyright info
==1871== Command: /home/codio/workspace/hw3/hw3_tests/heap_tests/heap_tests --gtest_filter=HeapTest.SingleItemPushPop
==1871== 
Running main() from /home/codio/googletest/googletest/src/gtest_main.cc
Note: Google Test filter = HeapTest.SingleItemPushPop
[==========] Running 1 test from 1 test suite.
[----------] Global test environment set-up.
[----------] 1 test from HeapTest
[ RUN      ] HeapTest.SingleItemPushPop
[       OK ] HeapTest.SingleItemPushPop (25 ms)
[----------] 1 test from HeapTest (34 ms total)

[----------] Global test environment tear-down
[==========] 1 test from 1 test suite ran. (84 ms total)
[  PASSED  ] 1 test.
==1871== 
==1871== HEAP SUMMARY:
==1871==     in use at exit: 0 bytes in 0 blocks
==1871==   total heap usage: 469 allocs, 469 frees, 135,731 bytes allocated
==1871== 
==1871== All heap blocks were freed -- no leaks are possible
==1871== 
==1871== For counts of detected and suppressed errors, rerun with: -v
==1871== ERROR SUMMARY: 0 errors from 0 contexts (suppressed: 0 from 0)
<end of output>
Test time =   1.41 sec
----------------------------------------------------------
Test Passed.
"HeapTest.SingleItemPushPop" end time: Feb 25 04:03 UTC
"HeapTest.SingleItemPushPop" time elapsed: 00:00:01
----------------------------------------------------------

33/50 Testing: HeapTest.TwoElementPush_LowPriFirst
33/50 Test: HeapTest.TwoElementPush_LowPriFirst
Command: "/usr/bin/valgrind" "--tool=memcheck" "--leak-check=yes" "--trace-children=no" "--error-exitcode=113" "/home/codio/workspace/hw3/hw3_tests/heap_tests/heap_tests" "--gtest_filter=HeapTest.TwoElementPush_LowPriFirst"
Directory: /home/codio/workspace/hw3/hw3_tests/heap_tests
"HeapTest.TwoElementPush_LowPriFirst" start time: Feb 25 04:03 UTC
Output:
----------------------------------------------------------
==1872== Memcheck, a memory error detector
==1872== Copyright (C) 2002-2017, and GNU GPL'd, by Julian Seward et al.
==1872== Using Valgrind-3.13.0 and LibVEX; rerun with -h for copyright info
==1872== Command: /home/codio/workspace/hw3/hw3_tests/heap_tests/heap_tests --gtest_filter=HeapTest.TwoElementPush_LowPriFirst
==1872== 
Running main() from /home/codio/googletest/googletest/src/gtest_main.cc
Note: Google Test filter = HeapTest.TwoElementPush_LowPriFirst
[==========] Running 1 test from 1 test suite.
[----------] Global test environment set-up.
[----------] 1 test from HeapTest
[ RUN      ] HeapTest.TwoElementPush_LowPriFirst
[       OK ] HeapTest.TwoElementPush_LowPriFirst (31 ms)
[----------] 1 test from HeapTest (40 ms total)

[----------] Global test environment tear-down
[==========] 1 test from 1 test suite ran. (90 ms total)
[  PASSED  ] 1 test.
==1872== 
==1872== HEAP SUMMARY:
==1872==     in use at exit: 0 bytes in 0 blocks
==1872==   total heap usage: 470 allocs, 470 frees, 135,844 bytes allocated
==1872== 
==1872== All heap blocks were freed -- no leaks are possible
==1872== 
==1872== For counts of detected and suppressed errors, rerun with: -v
==1872== ERROR SUMMARY: 0 errors from 0 contexts (suppressed: 0 from 0)
<end of output>
Test time =   1.41 sec
----------------------------------------------------------
Test Passed.
"HeapTest.TwoElementPush_LowPriFirst" end time: Feb 25 04:03 UTC
"HeapTest.TwoElementPush_LowPriFirst" time elapsed: 00:00:01
----------------------------------------------------------

34/50 Testing: HeapTest.TwoElementPush_HighPriFirst
34/50 Test: HeapTest.TwoElementPush_HighPriFirst
Command: "/usr/bin/valgrind" "--tool=memcheck" "--leak-check=yes" "--trace-children=no" "--error-exitcode=113" "/home/codio/workspace/hw3/hw3_tests/heap_tests/heap_tests" "--gtest_filter=HeapTest.TwoElementPush_HighPriFirst"
Directory: /home/codio/workspace/hw3/hw3_tests/heap_tests
"HeapTest.TwoElementPush_HighPriFirst" start time: Feb 25 04:03 UTC
Output:
----------------------------------------------------------
==1873== Memcheck, a memory error detector
==1873== Copyright (C) 2002-2017, and GNU GPL'd, by Julian Seward et al.
==1873== Using Valgrind-3.13.0 and LibVEX; rerun with -h for copyright info
==1873== Command: /home/codio/workspace/hw3/hw3_tests/heap_tests/heap_tests --gtest_filter=HeapTest.TwoElementPush_HighPriFirst
==1873== 
Running main() from /home/codio/googletest/googletest/src/gtest_main.cc
Note: Google Test filter = HeapTest.TwoElementPush_HighPriFirst
[==========] Running 1 test from 1 test suite.
[----------] Global test environment set-up.
[----------] 1 test from HeapTest
[ RUN      ] HeapTest.TwoElementPush_HighPriFirst
[       OK ] HeapTest.TwoElementPush_HighPriFirst (31 ms)
[----------] 1 test from HeapTest (40 ms total)

[----------] Global test environment tear-down
[==========] 1 test from 1 test suite ran. (89 ms total)
[  PASSED  ] 1 test.
==1873== 
==1873== HEAP SUMMARY:
==1873==     in use at exit: 0 bytes in 0 blocks
==1873==   total heap usage: 470 allocs, 470 frees, 135,857 bytes allocated
==1873== 
==1873== All heap blocks were freed -- no leaks are possible
==1873== 
==1873== For counts of detected and suppressed errors, rerun with: -v
==1873== ERROR SUMMARY: 0 errors from 0 contexts (suppressed: 0 from 0)
<end of output>
Test time =   1.41 sec
----------------------------------------------------------
Test Passed.
"HeapTest.TwoElementPush_HighPriFirst" end time: Feb 25 04:03 UTC
"HeapTest.TwoElementPush_HighPriFirst" time elapsed: 00:00:01
----------------------------------------------------------

35/50 Testing: HeapTest.Duplicates
35/50 Test: HeapTest.Duplicates
Command: "/usr/bin/valgrind" "--tool=memcheck" "--leak-check=yes" "--trace-children=no" "--error-exitcode=113" "/home/codio/workspace/hw3/hw3_tests/heap_tests/heap_tests" "--gtest_filter=HeapTest.Duplicates"
Directory: /home/codio/workspace/hw3/hw3_tests/heap_tests
"HeapTest.Duplicates" start time: Feb 25 04:03 UTC
Output:
----------------------------------------------------------
==1874== Memcheck, a memory error detector
==1874== Copyright (C) 2002-2017, and GNU GPL'd, by Julian Seward et al.
==1874== Using Valgrind-3.13.0 and LibVEX; rerun with -h for copyright info
==1874== Command: /home/codio/workspace/hw3/hw3_tests/heap_tests/heap_tests --gtest_filter=HeapTest.Duplicates
==1874== 
Running main() from /home/codio/googletest/googletest/src/gtest_main.cc
Note: Google Test filter = HeapTest.Duplicates
[==========] Running 1 test from 1 test suite.
[----------] Global test environment set-up.
[----------] 1 test from HeapTest
[ RUN      ] HeapTest.Duplicates
[       OK ] HeapTest.Duplicates (32 ms)
[----------] 1 test from HeapTest (41 ms total)

[----------] Global test environment tear-down
[==========] 1 test from 1 test suite ran. (91 ms total)
[  PASSED  ] 1 test.
==1874== 
==1874== HEAP SUMMARY:
==1874==     in use at exit: 0 bytes in 0 blocks
==1874==   total heap usage: 471 allocs, 471 frees, 135,685 bytes allocated
==1874== 
==1874== All heap blocks were freed -- no leaks are possible
==1874== 
==1874== For counts of detected and suppressed errors, rerun with: -v
==1874== ERROR SUMMARY: 0 errors from 0 contexts (suppressed: 0 from 0)
<end of output>
Test time =   1.42 sec
----------------------------------------------------------
Test Passed.
"HeapTest.Duplicates" end time: Feb 25 04:03 UTC
"HeapTest.Duplicates" time elapsed: 00:00:01
----------------------------------------------------------

36/50 Testing: HeapTest.NegativeElements
36/50 Test: HeapTest.NegativeElements
Command: "/usr/bin/valgrind" "--tool=memcheck" "--leak-check=yes" "--trace-children=no" "--error-exitcode=113" "/home/codio/workspace/hw3/hw3_tests/heap_tests/heap_tests" "--gtest_filter=HeapTest.NegativeElements"
Directory: /home/codio/workspace/hw3/hw3_tests/heap_tests
"HeapTest.NegativeElements" start time: Feb 25 04:03 UTC
Output:
----------------------------------------------------------
==1875== Memcheck, a memory error detector
==1875== Copyright (C) 2002-2017, and GNU GPL'd, by Julian Seward et al.
==1875== Using Valgrind-3.13.0 and LibVEX; rerun with -h for copyright info
==1875== Command: /home/codio/workspace/hw3/hw3_tests/heap_tests/heap_tests --gtest_filter=HeapTest.NegativeElements
==1875== 
Running main() from /home/codio/googletest/googletest/src/gtest_main.cc
Note: Google Test filter = HeapTest.NegativeElements
[==========] Running 1 test from 1 test suite.
[----------] Global test environment set-up.
[----------] 1 test from HeapTest
[ RUN      ] HeapTest.NegativeElements
[       OK ] HeapTest.NegativeElements (28 ms)
[----------] 1 test from HeapTest (37 ms total)

[----------] Global test environment tear-down
[==========] 1 test from 1 test suite ran. (86 ms total)
[  PASSED  ] 1 test.
==1875== 
==1875== HEAP SUMMARY:
==1875==     in use at exit: 0 bytes in 0 blocks
==1875==   total heap usage: 470 allocs, 470 frees, 135,729 bytes allocated
==1875== 
==1875== All heap blocks were freed -- no leaks are possible
==1875== 
==1875== For counts of detected and suppressed errors, rerun with: -v
==1875== ERROR SUMMARY: 0 errors from 0 contexts (suppressed: 0 from 0)
<end of output>
Test time =   1.41 sec
----------------------------------------------------------
Test Passed.
"HeapTest.NegativeElements" end time: Feb 25 04:04 UTC
"HeapTest.NegativeElements" time elapsed: 00:00:01
----------------------------------------------------------

37/50 Testing: HeapTest.ThreeElementPush_0_5_10
37/50 Test: HeapTest.ThreeElementPush_0_5_10
Command: "/usr/bin/valgrind" "--tool=memcheck" "--leak-check=yes" "--trace-children=no" "--error-exitcode=113" "/home/codio/workspace/hw3/hw3_tests/heap_tests/heap_tests" "--gtest_filter=HeapTest.ThreeElementPush_0_5_10"
Directory: /home/codio/workspace/hw3/hw3_tests/heap_tests
"HeapTest.ThreeElementPush_0_5_10" start time: Feb 25 04:04 UTC
Output:
----------------------------------------------------------
==1876== Memcheck, a memory error detector
==1876== Copyright (C) 2002-2017, and GNU GPL'd, by Julian Seward et al.
==1876== Using Valgrind-3.13.0 and LibVEX; rerun with -h for copyright info
==1876== Command: /home/codio/workspace/hw3/hw3_tests/heap_tests/heap_tests --gtest_filter=HeapTest.ThreeElementPush_0_5_10
==1876== 
Running main() from /home/codio/googletest/googletest/src/gtest_main.cc
Note: Google Test filter = HeapTest.ThreeElementPush_0_5_10
[==========] Running 1 test from 1 test suite.
[----------] Global test environment set-up.
[----------] 1 test from HeapTest
[ RUN      ] HeapTest.ThreeElementPush_0_5_10
[       OK ] HeapTest.ThreeElementPush_0_5_10 (33 ms)
[----------] 1 test from HeapTest (44 ms total)

[----------] Global test environment tear-down
[==========] 1 test from 1 test suite ran. (97 ms total)
[  PASSED  ] 1 test.
==1876== 
==1876== HEAP SUMMARY:
==1876==     in use at exit: 0 bytes in 0 blocks
==1876==   total heap usage: 471 allocs, 471 frees, 135,821 bytes allocated
==1876== 
==1876== All heap blocks were freed -- no leaks are possible
==1876== 
==1876== For counts of detected and suppressed errors, rerun with: -v
==1876== ERROR SUMMARY: 0 errors from 0 contexts (suppressed: 0 from 0)
<end of output>
Test time =   1.45 sec
----------------------------------------------------------
Test Passed.
"HeapTest.ThreeElementPush_0_5_10" end time: Feb 25 04:04 UTC
"HeapTest.ThreeElementPush_0_5_10" time elapsed: 00:00:01
----------------------------------------------------------

38/50 Testing: HeapTest.ThreeElementPush_0_10_5
38/50 Test: HeapTest.ThreeElementPush_0_10_5
Command: "/usr/bin/valgrind" "--tool=memcheck" "--leak-check=yes" "--trace-children=no" "--error-exitcode=113" "/home/codio/workspace/hw3/hw3_tests/heap_tests/heap_tests" "--gtest_filter=HeapTest.ThreeElementPush_0_10_5"
Directory: /home/codio/workspace/hw3/hw3_tests/heap_tests
"HeapTest.ThreeElementPush_0_10_5" start time: Feb 25 04:04 UTC
Output:
----------------------------------------------------------
==1877== Memcheck, a memory error detector
==1877== Copyright (C) 2002-2017, and GNU GPL'd, by Julian Seward et al.
==1877== Using Valgrind-3.13.0 and LibVEX; rerun with -h for copyright info
==1877== Command: /home/codio/workspace/hw3/hw3_tests/heap_tests/heap_tests --gtest_filter=HeapTest.ThreeElementPush_0_10_5
==1877== 
Running main() from /home/codio/googletest/googletest/src/gtest_main.cc
Note: Google Test filter = HeapTest.ThreeElementPush_0_10_5
[==========] Running 1 test from 1 test suite.
[----------] Global test environment set-up.
[----------] 1 test from HeapTest
[ RUN      ] HeapTest.ThreeElementPush_0_10_5
[       OK ] HeapTest.ThreeElementPush_0_10_5 (32 ms)
[----------] 1 test from HeapTest (41 ms total)

[----------] Global test environment tear-down
[==========] 1 test from 1 test suite ran. (91 ms total)
[  PASSED  ] 1 test.
==1877== 
==1877== HEAP SUMMARY:
==1877==     in use at exit: 0 bytes in 0 blocks
==1877==   total heap usage: 471 allocs, 471 frees, 135,821 bytes allocated
==1877== 
==1877== All heap blocks were freed -- no leaks are possible
==1877== 
==1877== For counts of detected and suppressed errors, rerun with: -v
==1877== ERROR SUMMARY: 0 errors from 0 contexts (suppressed: 0 from 0)
<end of output>
Test time =   1.42 sec
----------------------------------------------------------
Test Passed.
"HeapTest.ThreeElementPush_0_10_5" end time: Feb 25 04:04 UTC
"HeapTest.ThreeElementPush_0_10_5" time elapsed: 00:00:01
----------------------------------------------------------

39/50 Testing: HeapTest.ThreeElementPush_5_0_10
39/50 Test: HeapTest.ThreeElementPush_5_0_10
Command: "/usr/bin/valgrind" "--tool=memcheck" "--leak-check=yes" "--trace-children=no" "--error-exitcode=113" "/home/codio/workspace/hw3/hw3_tests/heap_tests/heap_tests" "--gtest_filter=HeapTest.ThreeElementPush_5_0_10"
Directory: /home/codio/workspace/hw3/hw3_tests/heap_tests
"HeapTest.ThreeElementPush_5_0_10" start time: Feb 25 04:04 UTC
Output:
----------------------------------------------------------
==1878== Memcheck, a memory error detector
==1878== Copyright (C) 2002-2017, and GNU GPL'd, by Julian Seward et al.
==1878== Using Valgrind-3.13.0 and LibVEX; rerun with -h for copyright info
==1878== Command: /home/codio/workspace/hw3/hw3_tests/heap_tests/heap_tests --gtest_filter=HeapTest.ThreeElementPush_5_0_10
==1878== 
Running main() from /home/codio/googletest/googletest/src/gtest_main.cc
Note: Google Test filter = HeapTest.ThreeElementPush_5_0_10
[==========] Running 1 test from 1 test suite.
[----------] Global test environment set-up.
[----------] 1 test from HeapTest
[ RUN      ] HeapTest.ThreeElementPush_5_0_10
[       OK ] HeapTest.ThreeElementPush_5_0_10 (33 ms)
[----------] 1 test from HeapTest (42 ms total)

[----------] Global test environment tear-down
[==========] 1 test from 1 test suite ran. (92 ms total)
[  PASSED  ] 1 test.
==1878== 
==1878== HEAP SUMMARY:
==1878==     in use at exit: 0 bytes in 0 blocks
==1878==   total heap usage: 471 allocs, 471 frees, 135,821 bytes allocated
==1878== 
==1878== All heap blocks were freed -- no leaks are possible
==1878== 
==1878== For counts of detected and suppressed errors, rerun with: -v
==1878== ERROR SUMMARY: 0 errors from 0 contexts (suppressed: 0 from 0)
<end of output>
Test time =   1.42 sec
----------------------------------------------------------
Test Passed.
"HeapTest.ThreeElementPush_5_0_10" end time: Feb 25 04:04 UTC
"HeapTest.ThreeElementPush_5_0_10" time elapsed: 00:00:01
----------------------------------------------------------

40/50 Testing: HeapTest.ThreeElementPush_5_10_0
40/50 Test: HeapTest.ThreeElementPush_5_10_0
Command: "/usr/bin/valgrind" "--tool=memcheck" "--leak-check=yes" "--trace-children=no" "--error-exitcode=113" "/home/codio/workspace/hw3/hw3_tests/heap_tests/heap_tests" "--gtest_filter=HeapTest.ThreeElementPush_5_10_0"
Directory: /home/codio/workspace/hw3/hw3_tests/heap_tests
"HeapTest.ThreeElementPush_5_10_0" start time: Feb 25 04:04 UTC
Output:
----------------------------------------------------------
==1879== Memcheck, a memory error detector
==1879== Copyright (C) 2002-2017, and GNU GPL'd, by Julian Seward et al.
[...]
==1880== 
Running main() from /home/codio/googletest/googletest/src/gtest_main.cc
Note: Google Test filter = HeapTest.ThreeElementPush_10_0_5
[==========] Running 1 test from 1 test suite.
[----------] Global test environment set-up.
[----------] 1 test from HeapTest
[ RUN      ] HeapTest.ThreeElementPush_10_0_5
[       OK ] HeapTest.ThreeElementPush_10_0_5 (35 ms)
[----------] 1 test from HeapTest (44 ms total)

[----------] Global test environment tear-down
[==========] 1 test from 1 test suite ran. (97 ms total)
[  PASSED  ] 1 test.
==1880== 
==1880== HEAP SUMMARY:
==1880==     in use at exit: 0 bytes in 0 blocks
==1880==   total heap usage: 471 allocs, 471 frees, 135,821 bytes allocated
==1880== 
==1880== All heap blocks were freed -- no leaks are possible
==1880== 
==1880== For counts of detected and suppressed errors, rerun with: -v
==1880== ERROR SUMMARY: 0 errors from 0 contexts (suppressed: 0 from 0)
<end of output>
Test time =   1.46 sec
----------------------------------------------------------
Test Passed.
"HeapTest.ThreeElementPush_10_0_5" end time: Feb 25 04:04 UTC
"HeapTest.ThreeElementPush_10_0_5" time elapsed: 00:00:01
----------------------------------------------------------

42/50 Testing: HeapTest.ThreeElementPush_10_5_0
42/50 Test: HeapTest.ThreeElementPush_10_5_0
Command: "/usr/bin/valgrind" "--tool=memcheck" "--leak-check=yes" "--trace-children=no" "--error-exitcode=113" "/home/codio/workspace/hw3/hw3_tests/heap_tests/heap_tests" "--gtest_filter=HeapTest.ThreeElementPush_10_5_0"
Directory: /home/codio/workspace/hw3/hw3_tests/heap_tests
"HeapTest.ThreeElementPush_10_5_0" start time: Feb 25 04:04 UTC
Output:
----------------------------------------------------------
==1881== Memcheck, a memory error detector
==1881== Copyright (C) 2002-2017, and GNU GPL'd, by Julian Seward et al.
==1881== Using Valgrind-3.13.0 and LibVEX; rerun with -h for copyright info
==1881== Command: /home/codio/workspace/hw3/hw3_tests/heap_tests/heap_tests --gtest_filter=HeapTest.ThreeElementPush_10_5_0
==1881== 
Running main() from /home/codio/googletest/googletest/src/gtest_main.cc
Note: Google Test filter = HeapTest.ThreeElementPush_10_5_0
[==========] Running 1 test from 1 test suite.
[----------] Global test environment set-up.
[----------] 1 test from HeapTest
[ RUN      ] HeapTest.ThreeElementPush_10_5_0
[       OK ] HeapTest.ThreeElementPush_10_5_0 (34 ms)
[----------] 1 test from HeapTest (43 ms total)

[----------] Global test environment tear-down
[==========] 1 test from 1 test suite ran. (94 ms total)
[  PASSED  ] 1 test.
==1881== 
==1881== HEAP SUMMARY:
==1881==     in use at exit: 0 bytes in 0 blocks
==1881==   total heap usage: 471 allocs, 471 frees, 135,821 bytes allocated
==1881== 
==1881== All heap blocks were freed -- no leaks are possible
==1881== 
==1881== For counts of detected and suppressed errors, rerun with: -v
==1881== ERROR SUMMARY: 0 errors from 0 contexts (suppressed: 0 from 0)
<end of output>
Test time =   1.47 sec
----------------------------------------------------------
Test Passed.
"HeapTest.ThreeElementPush_10_5_0" end time: Feb 25 04:04 UTC
"HeapTest.ThreeElementPush_10_5_0" time elapsed: 00:00:01
----------------------------------------------------------

43/50 Testing: HeapTest.GreaterComparator
43/50 Test: HeapTest.GreaterComparator
Command: "/usr/bin/valgrind" "--tool=memcheck" "--leak-check=yes" "--trace-children=no" "--error-exitcode=113" "/home/codio/workspace/hw3/hw3_tests/heap_tests/heap_tests" "--gtest_filter=HeapTest.GreaterComparator"
Directory: /home/codio/workspace/hw3/hw3_tests/heap_tests
"HeapTest.GreaterComparator" start time: Feb 25 04:04 UTC
Output:
----------------------------------------------------------
==1882== Memcheck, a memory error detector
==1882== Copyright (C) 2002-2017, and GNU GPL'd, by Julian Seward et al.
==1882== Using Valgrind-3.13.0 and LibVEX; rerun with -h for copyright info
==1882== Command: /home/codio/workspace/hw3/hw3_tests/heap_tests/heap_tests --gtest_filter=HeapTest.GreaterComparator
==1882== 
Running main() from /home/codio/googletest/googletest/src/gtest_main.cc
Note: Google Test filter = HeapTest.GreaterComparator
[==========] Running 1 test from 1 test suite.
[----------] Global test environment set-up.
[----------] 1 test from HeapTest
[ RUN      ] HeapTest.GreaterComparator
[       OK ] HeapTest.GreaterComparator (33 ms)
[----------] 1 test from HeapTest (42 ms total)

[----------] Global test environment tear-down
[==========] 1 test from 1 test suite ran. (91 ms total)
[  PASSED  ] 1 test.
==1882== 
==1882== HEAP SUMMARY:
==1882==     in use at exit: 0 bytes in 0 blocks
==1882==   total heap usage: 471 allocs, 471 frees, 135,755 bytes allocated
==1882== 
==1882== All heap blocks were freed -- no leaks are possible
==1882== 
==1882== For counts of detected and suppressed errors, rerun with: -v
==1882== ERROR SUMMARY: 0 errors from 0 contexts (suppressed: 0 from 0)
<end of output>
Test time =   1.42 sec
----------------------------------------------------------
Test Passed.
"HeapTest.GreaterComparator" end time: Feb 25 04:04 UTC
"HeapTest.GreaterComparator" time elapsed: 00:00:01
----------------------------------------------------------

44/50 Testing: HeapTest.StringStorage
44/50 Test: HeapTest.StringStorage
Command: "/usr/bin/valgrind" "--tool=memcheck" "--leak-check=yes" "--trace-children=no" "--error-exitcode=113" "/home/codio/workspace/hw3/hw3_tests/heap_tests/heap_tests" "--gtest_filter=HeapTest.StringStorage"
Directory: /home/codio/workspace/hw3/hw3_tests/heap_tests
"HeapTest.StringStorage" start time: Feb 25 04:04 UTC
Output:
----------------------------------------------------------
==1883== Memcheck, a memory error detector
==1883== Copyright (C) 2002-2017, and GNU GPL'd, by Julian Seward et al.
==1883== Using Valgrind-3.13.0 and LibVEX; rerun with -h for copyright info
==1883== Command: /home/codio/workspace/hw3/hw3_tests/heap_tests/heap_tests --gtest_filter=HeapTest.StringStorage
==1883== 
Running main() from /home/codio/googletest/googletest/src/gtest_main.cc
Note: Google Test filter = HeapTest.StringStorage
[==========] Running 1 test from 1 test suite.
[----------] Global test environment set-up.
[----------] 1 test from HeapTest
[ RUN      ] HeapTest.StringStorage
[       OK ] HeapTest.StringStorage (31 ms)
[----------] 1 test from HeapTest (40 ms total)

[----------] Global test environment tear-down
[==========] 1 test from 1 test suite ran. (90 ms total)
[  PASSED  ] 1 test.
==1883== 
==1883== HEAP SUMMARY:
==1883==     in use at exit: 0 bytes in 0 blocks
==1883==   total heap usage: 471 allocs, 471 frees, 135,911 bytes allocated
==1883== 
==1883== All heap blocks were freed -- no leaks are possible
==1883== 
==1883== For counts of detected and suppressed errors, rerun with: -v
==1883== ERROR SUMMARY: 0 errors from 0 contexts (suppressed: 0 from 0)
<end of output>
Test time =   1.43 sec
----------------------------------------------------------
Test Passed.
"HeapTest.StringStorage" end time: Feb 25 04:04 UTC
"HeapTest.StringStorage" time elapsed: 00:00:01
----------------------------------------------------------

45/50 Testing: HeapTest.FiveElementPush_TrinaryHeap
45/50 Test: HeapTest.FiveElementPush_TrinaryHeap
Command: "/usr/bin/valgrind" "--tool=memcheck" "--leak-check=yes" "--trace-children=no" "--error-exitcode=113" "/home/codio/workspace/hw3/hw3_tests/heap_tests/heap_tests" "--gtest_filter=HeapTest.FiveElementPush_TrinaryHeap"
Directory: /home/codio/workspace/hw3/hw3_tests/heap_tests
"HeapTest.FiveElementPush_TrinaryHeap" start time: Feb 25 04:04 UTC
Output:
----------------------------------------------------------
==1884== Memcheck, a memory error detector
==1884== Copyright (C) 2002-2017, and GNU GPL'd, by Julian Seward et al.
==1884== Using Valgrind-3.13.0 and LibVEX; rerun with -h for copyright info
==1884== Command: /home/codio/workspace/hw3/hw3_tests/heap_tests/heap_tests --gtest_filter=HeapTest.FiveElementPush_TrinaryHeap
==1884== 
Running main() from /home/codio/googletest/googletest/src/gtest_main.cc
Note: Google Test filter = HeapTest.FiveElementPush_TrinaryHeap
[==========] Running 1 test from 1 test suite.
[----------] Global test environment set-up.
[----------] 1 test from HeapTest
[ RUN      ] HeapTest.FiveElementPush_TrinaryHeap
[       OK ] HeapTest.FiveElementPush_TrinaryHeap (39 ms)
[----------] 1 test from HeapTest (48 ms total)

[----------] Global test environment tear-down
[==========] 1 test from 1 test suite ran. (97 ms total)
[  PASSED  ] 1 test.
==1884== 
==1884== HEAP SUMMARY:
==1884==     in use at exit: 0 bytes in 0 blocks
==1884==   total heap usage: 472 allocs, 472 frees, 135,905 bytes allocated
==1884== 
==1884== All heap blocks were freed -- no leaks are possible
==1884== 
==1884== For counts of detected and suppressed errors, rerun with: -v
==1884== ERROR SUMMARY: 0 errors from 0 contexts (suppressed: 0 from 0)
<end of output>
Test time =   1.43 sec
----------------------------------------------------------
Test Passed.
"HeapTest.FiveElementPush_TrinaryHeap" end time: Feb 25 04:04 UTC
"HeapTest.FiveElementPush_TrinaryHeap" time elapsed: 00:00:01
----------------------------------------------------------

46/50 Testing: HeapTest.SixElementPush_QuaternaryHeap
46/50 Test: HeapTest.SixElementPush_QuaternaryHeap
Command: "/usr/bin/valgrind" "--tool=memcheck" "--leak-check=yes" "--trace-children=no" "--error-exitcode=113" "/home/codio/workspace/hw3/hw3_tests/heap_tests/heap_tests" "--gtest_filter=HeapTest.SixElementPush_QuaternaryHeap"
Directory: /home/codio/workspace/hw3/hw3_tests/heap_tests
"HeapTest.SixElementPush_QuaternaryHeap" start time: Feb 25 04:04 UTC
Output:
----------------------------------------------------------
==1885== Memcheck, a memory error detector
==1885== Copyright (C) 2002-2017, and GNU GPL'd, by Julian Seward et al.
==1885== Using Valgrind-3.13.0 and LibVEX; rerun with -h for copyright info
==1885== Command: /home/codio/workspace/hw3/hw3_tests/heap_tests/heap_tests --gtest_filter=HeapTest.SixElementPush_QuaternaryHeap
==1885== 
Running main() from /home/codio/googletest/googletest/src/gtest_main.cc
Note: Google Test filter = HeapTest.SixElementPush_QuaternaryHeap
[==========] Running 1 test from 1 test suite.
[----------] Global test environment set-up.
[----------] 1 test from HeapTest
[ RUN      ] HeapTest.SixElementPush_QuaternaryHeap
[       OK ] HeapTest.SixElementPush_QuaternaryHeap (39 ms)
[----------] 1 test from HeapTest (49 ms total)

[----------] Global test environment tear-down
[==========] 1 test from 1 test suite ran. (98 ms total)
[  PASSED  ] 1 test.
==1885== 
==1885== HEAP SUMMARY:
==1885==     in use at exit: 0 bytes in 0 blocks
==1885==   total heap usage: 472 allocs, 472 frees, 135,931 bytes allocated
==1885== 
==1885== All heap blocks were freed -- no leaks are possible
==1885== 
==1885== For counts of detected and suppressed errors, rerun with: -v
==1885== ERROR SUMMARY: 0 errors from 0 contexts (suppressed: 0 from 0)
<end of output>
Test time =   1.43 sec
----------------------------------------------------------
Test Passed.
"HeapTest.SixElementPush_QuaternaryHeap" end time: Feb 25 04:04 UTC
"HeapTest.SixElementPush_QuaternaryHeap" time elapsed: 00:00:01
----------------------------------------------------------

47/50 Testing: HeapStress.50x50RandomElements_BinaryHeap
47/50 Test: HeapStress.50x50RandomElements_BinaryHeap
Command: "/usr/bin/valgrind" "--tool=memcheck" "--leak-check=yes" "--trace-children=no" "--error-exitcode=113" "/home/codio/workspace/hw3/hw3_tests/heap_tests/heap_tests" "--gtest_filter=HeapStress.50x50RandomElements_BinaryHeap"
Directory: /home/codio/workspace/hw3/hw3_tests/heap_tests
"HeapStress.50x50RandomElements_BinaryHeap" start time: Feb 25 04:04 UTC
Output:
----------------------------------------------------------
==1886== Memcheck, a memory error detector
==1886== Copyright (C) 2002-2017, and GNU GPL'd, by Julian Seward et al.
==1886== Using Valgrind-3.13.0 and LibVEX; rerun with -h for copyright info
==1886== Command: /home/codio/workspace/hw3/hw3_tests/heap_tests/heap_tests --gtest_filter=HeapStress.50x50RandomElements_BinaryHeap
==1886== 
Running main() from /home/codio/googletest/googletest/src/gtest_main.cc
Note: Google Test filter = HeapStress.50x50RandomElements_BinaryHeap
[==========] Running 1 test from 1 test suite.
[----------] Global test environment set-up.
[----------] 1 test from HeapStress
[ RUN      ] HeapStress.50x50RandomElements_BinaryHeap
[       OK ] HeapStress.50x50RandomElements_BinaryHeap (205 ms)
[----------] 1 test from HeapStress (214 ms total)

[----------] Global test environment tear-down
[==========] 1 test from 1 test suite ran. (263 ms total)
[  PASSED  ] 1 test.
==1886== 
==1886== HEAP SUMMARY:
==1886==     in use at exit: 0 bytes in 0 blocks
==1886==   total heap usage: 969 allocs, 969 frees, 183,502 bytes allocated
==1886== 
==1886== All heap blocks were freed -- no leaks are possible
==1886== 
==1886== For counts of detected and suppressed errors, rerun with: -v
==1886== ERROR SUMMARY: 0 errors from 0 contexts (suppressed: 0 from 0)
<end of output>
Test time =   1.68 sec
----------------------------------------------------------
Test Passed.
"HeapStress.50x50RandomElements_BinaryHeap" end time: Feb 25 04:04 UTC
"HeapStress.50x50RandomElements_BinaryHeap" time elapsed: 00:00:01
----------------------------------------------------------

48/50 Testing: HeapStress.50x50RandomElements_QuaternaryHeap
48/50 Test: HeapStress.50x50RandomElements_QuaternaryHeap
Command: "/usr/bin/valgrind" "--tool=memcheck" "--leak-check=yes" "--trace-children=no" "--error-exitcode=113" "/home/codio/workspace/hw3/hw3_tests/heap_tests/heap_tests" "--gtest_filter=HeapStress.50x50RandomElements_QuaternaryHeap"
Directory: /home/codio/workspace/hw3/hw3_tests/heap_tests
"HeapStress.50x50RandomElements_QuaternaryHeap" start time: Feb 25 04:04 UTC
Output:
----------------------------------------------------------
==1887== Memcheck, a memory error detector
==1887== Copyright (C) 2002-2017, and GNU GPL'd, by Julian Seward et al.
==1887== Using Valgrind-3.13.0 and LibVEX; rerun with -h for copyright info
==1887== Command: /home/codio/workspace/hw3/hw3_tests/heap_tests/heap_tests --gtest_filter=HeapStress.50x50RandomElements_QuaternaryHeap
==1887== 
Running main() from /home/codio/googletest/googletest/src/gtest_main.cc
Note: Google Test filter = HeapStress.50x50RandomElements_QuaternaryHeap
[==========] Running 1 test from 1 test suite.
[----------] Global test environment set-up.
[----------] 1 test from HeapStress
[ RUN      ] HeapStress.50x50RandomElements_QuaternaryHeap
[       OK ] HeapStress.50x50RandomElements_QuaternaryHeap (216 ms)
[----------] 1 test from HeapStress (225 ms total)

[----------] Global test environment tear-down
[==========] 1 test from 1 test suite ran. (275 ms total)
[  PASSED  ] 1 test.
==1887== 
==1887== HEAP SUMMARY:
==1887==     in use at exit: 0 bytes in 0 blocks
==1887==   total heap usage: 969 allocs, 969 frees, 183,554 bytes allocated
==1887== 
==1887== All heap blocks were freed -- no leaks are possible
==1887== 
==1887== For counts of detected and suppressed errors, rerun with: -v
==1887== ERROR SUMMARY: 0 errors from 0 contexts (suppressed: 0 from 0)
<end of output>
Test time =   1.60 sec
----------------------------------------------------------
Test Passed.
"HeapStress.50x50RandomElements_QuaternaryHeap" end time: Feb 25 04:04 UTC
"HeapStress.50x50RandomElements_QuaternaryHeap" time elapsed: 00:00:01
----------------------------------------------------------

49/50 Testing: HeapStress.50x50RandomElements_DodecenaryHeap
49/50 Test: HeapStress.50x50RandomElements_DodecenaryHeap
Command: "/usr/bin/valgrind" "--tool=memcheck" "--leak-check=yes" "--trace-children=no" "--error-exitcode=113" "/home/codio/workspace/hw3/hw3_tests/heap_tests/heap_tests" "--gtest_filter=HeapStress.50x50RandomElements_DodecenaryHeap"
Directory: /home/codio/workspace/hw3/hw3_tests/heap_tests
"HeapStress.50x50RandomElements_DodecenaryHeap" start time: Feb 25 04:04 UTC
Output:
----------------------------------------------------------
==1888== Memcheck, a memory error detector
==1888== Copyright (C) 2002-2017, and GNU GPL'd, by Julian Seward et al.
==1888== Using Valgrind-3.13.0 and LibVEX; rerun with -h for copyright info
==1888== Command: /home/codio/workspace/hw3/hw3_tests/heap_tests/heap_tests --gtest_filter=HeapStress.50x50RandomElements_DodecenaryHeap
==1888== 
Running main() from /home/codio/googletest/googletest/src/gtest_main.cc
Note: Google Test filter = HeapStress.50x50RandomElements_DodecenaryHeap
[==========] Running 1 test from 1 test suite.
[----------] Global test environment set-up.
[----------] 1 test from HeapStress
[ RUN      ] HeapStress.50x50RandomElements_DodecenaryHeap
[       OK ] HeapStress.50x50RandomElements_DodecenaryHeap (207 ms)
[----------] 1 test from HeapStress (216 ms total)

[----------] Global test environment tear-down
[==========] 1 test from 1 test suite ran. (266 ms total)
[  PASSED  ] 1 test.
==1888== 
==1888== HEAP SUMMARY:
==1888==     in use at exit: 0 bytes in 0 blocks
==1888==   total heap usage: 969 allocs, 969 frees, 183,554 bytes allocated
==1888== 
==1888== All heap blocks were freed -- no leaks are possible
==1888== 
==1888== For counts of detected and suppressed errors, rerun with: -v
==1888== ERROR SUMMARY: 0 errors from 0 contexts (suppressed: 0 from 0)
<end of output>
Test time =   1.60 sec
----------------------------------------------------------
Test Passed.
"HeapStress.50x50RandomElements_DodecenaryHeap" end time: Feb 25 04:04 UTC
"HeapStress.50x50RandomElements_DodecenaryHeap" time elapsed: 00:00:01
----------------------------------------------------------

50/50 Testing: HeapStress.2x2000RandomElements_Binary
50/50 Test: HeapStress.2x2000RandomElements_Binary
Command: "/usr/bin/valgrind" "--tool=memcheck" "--leak-check=yes" "--trace-children=no" "--error-exitcode=113" "/home/codio/workspace/hw3/hw3_tests/heap_tests/heap_tests" "--gtest_filter=HeapStress.2x2000RandomElements_Binary"
Directory: /home/codio/workspace/hw3/hw3_tests/heap_tests
"HeapStress.2x2000RandomElements_Binary" start time: Feb 25 04:04 UTC
Output:
----------------------------------------------------------
==1889== Memcheck, a memory error detector
==1889== Copyright (C) 2002-2017, and GNU GPL'd, by Julian Seward et al.
==1889== Using Valgrind-3.13.0 and LibVEX; rerun with -h for copyright info
==1889== Command: /home/codio/workspace/hw3/hw3_tests/heap_tests/heap_tests --gtest_filter=HeapStress.2x2000RandomElements_Binary
==1889== 
Running main() from /home/codio/googletest/googletest/src/gtest_main.cc
Note: Google Test filter = HeapStress.2x2000RandomElements_Binary
[==========] Running 1 test from 1 test suite.
[----------] Global test environment set-up.
[----------] 1 test from HeapStress
[ RUN      ] HeapStress.2x2000RandomElements_Binary
[       OK ] HeapStress.2x2000RandomElements_Binary (261 ms)
[----------] 1 test from HeapStress (270 ms total)

[----------] Global test environment tear-down
[==========] 1 test from 1 test suite ran. (320 ms total)
[  PASSED  ] 1 test.
==1889== 
==1889== HEAP SUMMARY:
==1889==     in use at exit: 0 bytes in 0 blocks
==1889==   total heap usage: 499 allocs, 499 frees, 200,711 bytes allocated
==1889== 
==1889== All heap blocks were freed -- no leaks are possible
==1889== 
==1889== For counts of detected and suppressed errors, rerun with: -v
==1889== ERROR SUMMARY: 0 errors from 0 contexts (suppressed: 0 from 0)
<end of output>
Test time =   1.65 sec
----------------------------------------------------------
Test Passed.
"HeapStress.2x2000RandomElements_Binary" end time: Feb 25 04:04 UTC
"HeapStress.2x2000RandomElements_Binary" time elapsed: 00:00:01
----------------------------------------------------------

End testing: Feb 25 04:04 UTC
